---------------------------------------------------------------------------------------------------------------------------------------------------------------------------------------------------------------------------------------------------------------------------------------------------
Detailed RTL Component Info :
-----Module Name :
                    video_stitching

-----Multipliers :
                    8 x 7     Multipliers := 2
                    8 x 8     Multipliers := 2
                    8 x 9     Multipliers := 2
                    8 x 10     Multipliers := 1
                    27 x 5     Multipliers := 1
                    32 x 10     Multipliers := 1
                    32 x 11     Multipliers := 2

-----Adders :

APM: Final Mapping Report
|--------------------------------|------------------------------------------|--------------|--------------|---------|---------|---------|---------|---------|---------|--------------|--------------|--------------|--------------|--------------|
| APM Inst Name                  | APM Cascade                              | X Size       | Y Size       | Z Size  | P Size  | X_REG   | Y_REG   | Z_REG   | P_REG   | MULT_REG     | PREADD_REG   | USE_PREADD   | USE_POSTADD  | Primitives   |
|--------------------------------|------------------------------------------|--------------|--------------|---------|---------|---------|---------|---------|---------|--------------|--------------|--------------|--------------|--------------|
| yuv_rgb_inst/N23_m1            | /                                        | 10(unsigned) | 11(unsigned) | /       | 29      | 0       | 0       | /       | 0       | 0            | 0            | 0            | 0            | GTP_APM_E1   |
|--------------------------------|------------------------------------------|--------------|--------------|---------|---------|---------|---------|---------|---------|--------------|--------------|--------------|--------------|--------------|
| yuv_rgb_inst/N59_m1            | /                                        | 10(unsigned) | 11(unsigned) | /       | 29      | 0       | 0       | /       | 0       | 0            | 0            | 0            | 0            | GTP_APM_E1   |
|--------------------------------|------------------------------------------|--------------|--------------|---------|---------|---------|---------|---------|---------|--------------|--------------|--------------|--------------|--------------|
| vip_rgb888_ycbcr444_inst/N23   | /                                        | 9(unsigned)  | 8(unsigned)  | /       | 17      | 0       | 0       | /       | 0       | 1            | 0            | 0            | 0            | GTP_APM_E1   |
|--------------------------------|------------------------------------------|--------------|--------------|---------|---------|---------|---------|---------|---------|--------------|--------------|--------------|--------------|--------------|
| yuv_rgb_inst/N47_m1            | /                                        | 10(unsigned) | 10(unsigned) | /       | 28      | 0       | 0       | /       | 0       | 0            | 0            | 0            | 0            | GTP_APM_E1   |
|--------------------------------|------------------------------------------|--------------|--------------|---------|---------|---------|---------|---------|---------|--------------|--------------|--------------|--------------|--------------|
| vip_rgb888_ycbcr444_inst/N8    | /                                        | 10(unsigned) | 8(unsigned)  | 17      | 20      | 0       | 0       | 0       | 0       | 1            | 0            | 0            | 1            | GTP_APM_E1   |
|--------------------------------|------------------------------------------|--------------|--------------|---------|---------|---------|---------|---------|---------|--------------|--------------|--------------|--------------|--------------|
| vip_rgb888_ycbcr444_inst/N18   | /                                        | 8(unsigned)  | 8(unsigned)  | /       | 16      | 0       | 0       | /       | 0       | 1            | 0            | 0            | 0            | GTP_APM_E1   |
|--------------------------------|------------------------------------------|--------------|--------------|---------|---------|---------|---------|---------|---------|--------------|--------------|--------------|--------------|--------------|
| vip_rgb888_ycbcr444_inst/N38   | /                                        | 8(unsigned)  | 8(unsigned)  | /       | 17      | 0       | 0       | /       | 0       | 1            | 0            | 0            | 0            | GTP_APM_E1   |
|--------------------------------|------------------------------------------|--------------|--------------|---------|---------|---------|---------|---------|---------|--------------|--------------|--------------|--------------|--------------|
| vip_rgb888_ycbcr444_inst/N3    | /                                        | 8(unsigned)  | 8(unsigned)  | /       | 16      | 0       | 0       | /       | 0       | 1            | 0            | 0            | 0            | GTP_APM_E1   |
|--------------------------------|------------------------------------------|--------------|--------------|---------|---------|---------|---------|---------|---------|--------------|--------------|--------------|--------------|--------------|
| vip_rgb888_ycbcr444_inst/N43   | /                                        | 8(unsigned)  | 7(unsigned)  | /       | 15      | 0       | 0       | /       | 0       | 1            | 0            | 0            | 0            | GTP_APM_E1   |
|--------------------------------|------------------------------------------|--------------|--------------|---------|---------|---------|---------|---------|---------|--------------|--------------|--------------|--------------|--------------|
| vip_rgb888_ycbcr444_inst/N13   | /                                        | 8(unsigned)  | 7(unsigned)  | /       | 15      | 0       | 0       | /       | 0       | 1            | 0            | 0            | 0            | GTP_APM_E1   |
|--------------------------------|------------------------------------------|--------------|--------------|---------|---------|---------|---------|---------|---------|--------------|--------------|--------------|--------------|--------------|
| yuv_rgb_inst/N35               | /                                        | 10(unsigned) | 4(unsigned)  | /       | 14      | 0       | 0       | /       | 0       | 1            | 0            | 0            | 0            | GTP_APM_E1   |
|--------------------------------|------------------------------------------|--------------|--------------|---------|---------|---------|---------|---------|---------|--------------|--------------|--------------|--------------|--------------|

---------------------------------------------------------------------------------------------------------------------------------------------------------------------------------------------------------------------------------------------------------------------------------------------------

----------------------------------------------------------------------------------------------------------------------------------------------------------------------------------------------------------------------------------------------------------------------------------------------------------------------------------------------
Detailed RTL Component Info :
-----Module Name :
                    video_stitching

-----ROMs :
            1K Bit    (64 x 20 bit)          ROMs := 1
            5K Bit    (256 x 22 bit)          ROMs := 2
            10K Bit    (512 x 20 bit)          ROMs := 1

-----RAMs :
            32 Bit    (16 x 2 bit)          RAMs := 1
            688 Bit    (16 x 43 bit)          RAMs := 2
            160 Bit    (32 x 5 bit)          RAMs := 1

Distributed RAM and Block RAM: Final Mapping Report
|---------------------------------------------------------------------------------------------------------------------------------------------------------------------------------------------------------------------|------------------------|-------------------|---------|
| DPRAM Inst Name                                                                                                                                                                                                     | Size (Depth x Width)   | Primitives        | Count   |
|---------------------------------------------------------------------------------------------------------------------------------------------------------------------------------------------------------------------|------------------------|-------------------|---------|
| u_DDR3_interface_top/u_ddr3_interface/u_ipsxb_ddrc_top/mcdq_dcp_top/mcdq_dcp_buf/B_ipsxb_distributed_fifo/u_ipsxb_distributed_fifo_distributed_fifo_v1_0/ipsxb_distributed_sdpram_distributed_fifo_v1_0/mem         | 16 x 43                |                   |         |
|                                                                                                                                                                                                                     | 16 x 1                 | GTP_RAM16X1DP     | 39      |
|---------------------------------------------------------------------------------------------------------------------------------------------------------------------------------------------------------------------|------------------------|-------------------|---------|
| u_DDR3_interface_top/u_ddr3_interface/u_ipsxb_ddrc_top/mcdq_rdatapath/mcdq_prefetch_fifo/ipsxb_distributed_fifo/u_ipsxb_distributed_fifo_distributed_fifo_v1_0/ipsxb_distributed_sdpram_distributed_fifo_v1_0/mem   | 32 x 5                 |                   |         |
|                                                                                                                                                                                                                     | 32 x 1                 | GTP_RAM32X1DP     | 5       |
|---------------------------------------------------------------------------------------------------------------------------------------------------------------------------------------------------------------------|------------------------|-------------------|---------|
| u_DDR3_interface_top/u_ddr3_interface/u_ipsxb_ddrc_top/mcdq_dcp_top/mcdq_dcp_buf/A_ipsxb_distributed_fifo/u_ipsxb_distributed_fifo_distributed_fifo_v1_0/ipsxb_distributed_sdpram_distributed_fifo_v1_0/mem         | 16 x 43                |                   |         |
|                                                                                                                                                                                                                     | 16 x 1                 | GTP_RAM16X1DP     | 39      |
|---------------------------------------------------------------------------------------------------------------------------------------------------------------------------------------------------------------------|------------------------|-------------------|---------|
| u_DDR3_interface_top/u_ddr3_interface/u_ipsxb_ddrc_top/mcdq_wdatapath/ipsxb_distributed_fifo/u_ipsxb_distributed_fifo_distributed_fifo_v1_0/ipsxb_distributed_sdpram_distributed_fifo_v1_0/mem                      | 16 x 2                 |                   |         |
|                                                                                                                                                                                                                     | 16 x 1                 | GTP_RAM16X1DP     | 2       |
|---------------------------------------------------------------------------------------------------------------------------------------------------------------------------------------------------------------------|------------------------|-------------------|---------|

|----------------------------------------------------------|------------------------|-------------------|-------------------|-------------------|-------------------|
| Inst Name                                                | Size (Depth x Width)   | Write_Mode_A      | Write_Mode_B      | Ram_Mode          | Primitives        |
|----------------------------------------------------------|------------------------|-------------------|-------------------|-------------------|-------------------|
| u_Camera_2_top/u_ov5640_lut/N776_2_concat_2              | 256 x 22               |                   |                   |                   |                   |
|                             N776_2_concat_2              | 256 x 22               | NORMAL_WRITE      | /                 | SINGLE_PORT       | GTP_DRM9K         |
|----------------------------------------------------------|------------------------|-------------------|-------------------|-------------------|-------------------|
| u_Camera_top/u_ov5640_lut/N776_1_concat_2                | 256 x 22               |                   |                   |                   |                   |
|                           N776_1_concat_2                | 256 x 22               | NORMAL_WRITE      | /                 | SINGLE_PORT       | GTP_DRM9K         |
|----------------------------------------------------------|------------------------|-------------------|-------------------|-------------------|-------------------|
| u_HDMI_top/u_ms72xx_init/u_ms7200_lut/N1227_1_concat_3   | 512 x 20               |                   |                   |                   |                   |
|                                       N1227_1_concat_3   | 512 x 20               | NORMAL_WRITE      | /                 | SINGLE_PORT       | GTP_DRM18K        |
|----------------------------------------------------------|------------------------|-------------------|-------------------|-------------------|-------------------|
| u_HDMI_top/u_ms72xx_init/u_ms7210_lut/N329_1_concat_2    | 64 x 20                |                   |                   |                   |                   |
|                                       N329_1_concat_2    | 64 x 20                | NORMAL_WRITE      | /                 | SINGLE_PORT       | GTP_DRM9K         |
|----------------------------------------------------------|------------------------|-------------------|-------------------|-------------------|-------------------|

----------------------------------------------------------------------------------------------------------------------------------------------------------------------------------------------------------------------------------------------------------------------------------------------------------------------------------------------

