#Build: Fabric Configuration 2022.1, Build 99559, Jul 12 00:20 2022
#Install: C:\pango\PDS_2022.1\bin
#Application name: cdt_cfg.exe
#OS: Windows 10 10.0.22000
#Hostname: XiaoXinPro16
Generated by Fabric Configuration (version 2022.1 build 99559) at Tue Nov 14 15:48:17 2023
M_PROCESS_FINISH_STARTED

The Start Address of bit file D:/MY_FILE/FPGA/pango_project/generate_bitstream/final.sbit: 0x0
Connecting to server[127.0.0.1 : 65420].
Connect to server[127.0.0.1 : 65420] successfully.
COMMAND[check version information] execute successfully, takes 0.4 secs.
The cable List : 
Cable index 0:USB Cable II/fffffffffffffffe 

COMMAND[get_cable_paras] execute successfully, takes 1.2 secs.
PANGO USB CABLE II cable driver: D2XX DLL
PGL50H
COMMAND[Open config cable] execute successfully, takes 4.4 secs.
COMMAND[Scan Outer SPI Flash] execute successfully, takes 2.3 secs.
The start address of operating flash is 0x0.
COMMAND[Erase Outer Flash] execute finish, takes 14.8 secs.
The start address of operating flash is 0x0.
COMMAND[Program Outer Flash] execute finish, takes 35.1 secs.
The start address of operating flash is 0x0.
COMMAND[Verify Outer Flash] execute successfully, takes 2.5 secs.
PANGO USB CABLE II cable driver: D2XX DLL
PGL50H
COMMAND[Open config cable] execute successfully, takes 2.3 secs.
COMMAND[Program] execute successfully, takes 2.0 secs.
COMMAND[Program] execute successfully, takes 2.0 secs.
PANGO USB CABLE II cable driver: D2XX DLL
PGL50H
COMMAND[Open config cable] execute successfully, takes 1.6 secs.
COMMAND[Program] execute successfully, takes 2.0 secs.
PANGO USB CABLE II cable driver: D2XX DLL
PGL50H
COMMAND[Open config cable] execute successfully, takes 5.0 secs.
PANGO USB CABLE II cable driver: D2XX DLL
PGL50H
COMMAND[Open config cable] execute successfully, takes 1.8 secs.
COMMAND[Program] execute successfully, takes 1.9 secs.
COMMAND[Program] execute successfully, takes 2.0 secs.
COMMAND[Program] execute successfully, takes 2.0 secs.
The Start Address of bit file D:/MY_FILE/FPGA/pango_project/generate_bitstream/final.sbit: 0x0
COMMAND[Scan Outer SPI Flash] execute successfully, takes 1.2 secs.
The start address of operating flash is 0x0.
COMMAND[Erase Outer Flash] execute finish, takes 14.6 secs.
The start address of operating flash is 0x0.
COMMAND[Program Outer Flash] execute finish, takes 35.2 secs.
The start address of operating flash is 0x0.
COMMAND[Verify Outer Flash] execute successfully, takes 2.5 secs.
