[Debug] [2023-4-13 21:26:32] /*************************** 2023-04-13 21:26:32  Start ***************************/
[Debug] [2023-4-13 21:26:32] Path: D:/pango/PDS_2022.1/bin
[Debug] [2023-4-13 21:26:32] #Generated by Fabric Debugger (version 2022.1 build 99559) at Thu Apr 13 21:26:32 2023


[Info] [2023-4-13 21:26:33] MsgOut: Fabric Debugger Started.
[Debug] [2023-4-13 21:26:33] Main window show.
[Debug] [2023-4-13 21:26:36] Operation: Scan.
[Debug] [2023-4-13 21:26:36] Client Local host name:DESKTOP-8PKN27U
[Debug] [2023-4-13 21:26:36] Client Local Address:10.37.51.147
[Debug] [2023-4-13 21:26:36] Server Address:127.0.0.1, Port:65420
[Info] [2023-4-13 21:26:36] MsgOut: Connecting to server[127.0.0.1 : 65420].
[Info] [2023-4-13 21:26:37] Connect OK, Server: 127.0.0.1  Port: 65420
[Info] [2023-4-13 21:26:37] MsgOut: Connect to server[127.0.0.1 : 65420] successfully.
[Debug] [2023-4-13 21:26:37] Finish.
[Debug] [2023-4-13 21:26:37] Log::Print : check version information
[Debug] [2023-4-13 21:26:37] Send RPC: 1.
[Debug] [2023-4-13 21:26:37] Send cmd [check version information:40005] OK
[Debug] [2023-4-13 21:26:37] Log::Print : get_cable_paras
[Debug] [2023-4-13 21:26:37] Send RPC: 2.
[Debug] [2023-4-13 21:26:37] Send cmd [get_cable_paras:40011] OK
[Debug] [2023-4-13 21:26:37] Log::Print : open_cable
[Debug] [2023-4-13 21:26:37] Send RPC: 3.
[Debug] [2023-4-13 21:26:37] Send cmd [open_cable:10001] OK
[Info] [2023-4-13 21:26:37] MsgOut: COMMAND[check version information] execute successfully, takes 0.0 secs.
[Debug] [2023-4-13 21:26:37] COMMAND[check version information] execute successfully, takes 0.0 secs.
[Info] [2023-4-13 21:26:38] MsgOut: The Cable List : 
Cable index 0:USB Cable II/fffffffffffffffe 

[Info] [2023-4-13 21:26:38] MsgOut: COMMAND[get_cable_paras] execute successfully, takes 0.8 secs.
[Debug] [2023-4-13 21:26:38] COMMAND[get_cable_paras] execute successfully, takes 0.8 secs.
[Info] [2023-4-13 21:26:39] MsgOut: PANGO USB CABLE II cable driver: D2XX DLL
[Info] [2023-4-13 21:26:40] MsgOut: COMMAND[open_cable] execute successfully, takes 3.0 secs.
[Debug] [2023-4-13 21:26:40] COMMAND[open_cable] execute successfully, takes 3.0 secs.
[Debug] [2023-4-13 21:26:55] Operation: Program.
[Debug] [2023-4-13 21:26:55] Log::Print : configure
[Debug] [2023-4-13 21:26:55] Send RPC: 4.
[Debug] [2023-4-13 21:26:55] Send cmd [configure:10002] OK
[Debug] [2023-4-13 21:26:56] The value is 6.
[Debug] [2023-4-13 21:26:56] The value is 10.
[Debug] [2023-4-13 21:26:56] The value is 15.
[Debug] [2023-4-13 21:26:56] The value is 20.
[Debug] [2023-4-13 21:26:56] The value is 25.
[Debug] [2023-4-13 21:26:56] The value is 30.
[Debug] [2023-4-13 21:26:56] The value is 35.
[Debug] [2023-4-13 21:26:56] The value is 40.
[Debug] [2023-4-13 21:26:56] The value is 45.
[Debug] [2023-4-13 21:26:56] The value is 50.
[Debug] [2023-4-13 21:26:57] The value is 55.
[Debug] [2023-4-13 21:26:57] The value is 60.
[Debug] [2023-4-13 21:26:57] The value is 65.
[Debug] [2023-4-13 21:26:57] The value is 70.
[Debug] [2023-4-13 21:26:57] The value is 75.
[Debug] [2023-4-13 21:26:57] The value is 80.
[Debug] [2023-4-13 21:26:57] The value is 85.
[Debug] [2023-4-13 21:26:57] The value is 90.
[Debug] [2023-4-13 21:26:57] The value is 95.
[Debug] [2023-4-13 21:26:57] The value is 100.
[Debug] [2023-4-13 21:26:58] [BusValue] Opt:Add.
[Debug] [2023-4-13 21:26:58] [BusValue] Opt:Add.
[Debug] [2023-4-13 21:26:58] [BusValue] Opt:Add.
[Info] [2023-4-13 21:26:58] MsgOut: COMMAND[configure] execute successfully, takes 2.9 secs.
[Debug] [2023-4-13 21:26:58] COMMAND[configure] execute successfully, takes 2.9 secs.
[Debug] [2023-4-13 21:26:58] Log::Print : Import Core: 0 OK
[Debug] [2023-4-13 21:27:14] Operation: Trigger.
[Debug] [2023-4-13 21:27:14] Log::Print : run
[Debug] [2023-4-13 21:27:14] Send RPC: 5.
[Debug] [2023-4-13 21:27:14] Send cmd [run:10003] OK
[Info] [2023-4-13 21:27:15] MsgOut: Core 0 trigger successful at Thu Apr 13 21:27:15 2023
[Debug] [2023-4-13 21:27:15] Operation: ZoomFit
[Debug] [2023-4-13 21:27:15] Finish.
[Debug] [2023-4-13 21:27:15] [BusValue] Opt:Flush.
[Debug] [2023-4-13 21:27:15] [BusValue] Opt:Update.
[Info] [2023-4-13 21:27:15] MsgOut: COMMAND[run] execute successfully, takes 0.5 secs.
[Debug] [2023-4-13 21:27:15] COMMAND[run] execute successfully, takes 0.5 secs.
[Debug] [2023-4-13 21:27:16] Operation: Trigger.
[Debug] [2023-4-13 21:27:16] Log::Print : run
[Debug] [2023-4-13 21:27:16] Send RPC: 6.
[Debug] [2023-4-13 21:27:16] Send cmd [run:10003] OK
[Info] [2023-4-13 21:27:16] MsgOut: Core 0 trigger successful at Thu Apr 13 21:27:16 2023
[Debug] [2023-4-13 21:27:16] Operation: ZoomFit
[Debug] [2023-4-13 21:27:16] Finish.
[Debug] [2023-4-13 21:27:16] [BusValue] Opt:Flush.
[Debug] [2023-4-13 21:27:16] [BusValue] Opt:Update.
[Info] [2023-4-13 21:27:16] MsgOut: COMMAND[run] execute successfully, takes 0.6 secs.
[Debug] [2023-4-13 21:27:16] COMMAND[run] execute successfully, takes 0.6 secs.
[Debug] [2023-4-13 21:27:17] Operation: Trigger.
[Debug] [2023-4-13 21:27:17] Log::Print : run
[Debug] [2023-4-13 21:27:17] Send RPC: 7.
[Debug] [2023-4-13 21:27:17] Send cmd [run:10003] OK
[Info] [2023-4-13 21:27:18] MsgOut: Core 0 trigger successful at Thu Apr 13 21:27:18 2023
[Debug] [2023-4-13 21:27:18] Operation: ZoomFit
[Debug] [2023-4-13 21:27:18] Finish.
[Debug] [2023-4-13 21:27:18] [BusValue] Opt:Flush.
[Debug] [2023-4-13 21:27:18] [BusValue] Opt:Update.
[Info] [2023-4-13 21:27:18] MsgOut: COMMAND[run] execute successfully, takes 0.5 secs.
[Debug] [2023-4-13 21:27:18] COMMAND[run] execute successfully, takes 0.5 secs.
[Debug] [2023-4-13 21:27:18] Operation: Trigger.
[Debug] [2023-4-13 21:27:18] Log::Print : run
[Debug] [2023-4-13 21:27:18] Send RPC: 8.
[Debug] [2023-4-13 21:27:18] Send cmd [run:10003] OK
[Info] [2023-4-13 21:27:18] MsgOut: Core 0 trigger successful at Thu Apr 13 21:27:18 2023
[Debug] [2023-4-13 21:27:18] Operation: ZoomFit
[Debug] [2023-4-13 21:27:18] Finish.
[Debug] [2023-4-13 21:27:18] [BusValue] Opt:Flush.
[Debug] [2023-4-13 21:27:18] [BusValue] Opt:Update.
[Info] [2023-4-13 21:27:18] MsgOut: COMMAND[run] execute successfully, takes 0.5 secs.
[Debug] [2023-4-13 21:27:18] COMMAND[run] execute successfully, takes 0.5 secs.
[Debug] [2023-4-13 21:27:29] Operation: Trigger.
[Debug] [2023-4-13 21:27:29] Log::Print : run
[Debug] [2023-4-13 21:27:29] Send RPC: 9.
[Debug] [2023-4-13 21:27:29] Send cmd [run:10003] OK
[Info] [2023-4-13 21:27:29] MsgOut: Core 0 trigger successful at Thu Apr 13 21:27:29 2023
[Debug] [2023-4-13 21:27:29] Operation: ZoomFit
[Debug] [2023-4-13 21:27:29] Finish.
[Debug] [2023-4-13 21:27:29] [BusValue] Opt:Flush.
[Debug] [2023-4-13 21:27:29] [BusValue] Opt:Update.
[Info] [2023-4-13 21:27:29] MsgOut: COMMAND[run] execute successfully, takes 0.5 secs.
[Debug] [2023-4-13 21:27:29] COMMAND[run] execute successfully, takes 0.5 secs.
[Debug] [2023-4-13 21:27:30] Operation: Trigger.
[Debug] [2023-4-13 21:27:30] Log::Print : run
[Debug] [2023-4-13 21:27:30] Send RPC: 10.
[Debug] [2023-4-13 21:27:30] Send cmd [run:10003] OK
[Info] [2023-4-13 21:27:30] MsgOut: Core 0 trigger successful at Thu Apr 13 21:27:30 2023
[Debug] [2023-4-13 21:27:30] Operation: ZoomFit
[Debug] [2023-4-13 21:27:30] Finish.
[Debug] [2023-4-13 21:27:30] [BusValue] Opt:Flush.
[Debug] [2023-4-13 21:27:30] [BusValue] Opt:Update.
[Info] [2023-4-13 21:27:31] MsgOut: COMMAND[run] execute successfully, takes 0.5 secs.
[Debug] [2023-4-13 21:27:31] COMMAND[run] execute successfully, takes 0.5 secs.
[Debug] [2023-4-13 21:27:32] Operation: ZoomOut
[Debug] [2023-4-13 21:27:32] Finish.
[Debug] [2023-4-13 21:27:33] Operation: ZoomOut
[Debug] [2023-4-13 21:27:33] Operation: ZoomOut
[Debug] [2023-4-13 21:27:33] Operation: ZoomOut
[Debug] [2023-4-13 21:27:33] Operation: ZoomOut
[Debug] [2023-4-13 21:27:48] Operation: Bus radix changed.
[Debug] [2023-4-13 21:27:48] Bus radix: Unsigned Decimal.
[Debug] [2023-4-13 21:27:48] [BusValue] Opt:Update.
[Debug] [2023-4-13 21:27:48] Finish.
[Debug] [2023-4-13 21:28:50] Operation: Trigger.
[Debug] [2023-4-13 21:28:50] Log::Print : run
[Debug] [2023-4-13 21:28:50] Send RPC: 11.
[Debug] [2023-4-13 21:28:50] Send cmd [run:10003] OK
[Info] [2023-4-13 21:28:52] MsgOut: Core 0 trigger successful at Thu Apr 13 21:28:52 2023
[Debug] [2023-4-13 21:28:52] Operation: ZoomFit
[Debug] [2023-4-13 21:28:52] Finish.
[Debug] [2023-4-13 21:28:52] [BusValue] Opt:Flush.
[Debug] [2023-4-13 21:28:52] [BusValue] Opt:Update.
[Info] [2023-4-13 21:28:52] MsgOut: COMMAND[run] execute successfully, takes 2.6 secs.
[Debug] [2023-4-13 21:28:52] COMMAND[run] execute successfully, takes 2.6 secs.
[Debug] [2023-4-13 21:29:23] Operation: ZoomOut
[Debug] [2023-4-13 21:29:23] Finish.
[Debug] [2023-4-13 21:29:24] Operation: ZoomOut
[Debug] [2023-4-13 21:29:24] Finish.
[Debug] [2023-4-13 21:29:25] Operation: ZoomOut
[Debug] [2023-4-13 21:29:25] Finish.
[Debug] [2023-4-13 21:29:26] Operation: ZoomOut
[Debug] [2023-4-13 21:29:26] Finish.
[Debug] [2023-4-13 21:29:29] Operation: ZoomFull
[Debug] [2023-4-13 21:29:29] Finish.
[Debug] [2023-4-13 21:29:37] Operation: ZoomOut
[Debug] [2023-4-13 21:29:37] Finish.
[Debug] [2023-4-13 21:29:38] Operation: ZoomOut
[Debug] [2023-4-13 21:29:38] Finish.
[Debug] [2023-4-13 21:29:38] Operation: ZoomOut
[Debug] [2023-4-13 21:29:38] Finish.
[Debug] [2023-4-13 21:29:38] Operation: ZoomOut
[Debug] [2023-4-13 21:29:38] Finish.
[Debug] [2023-4-13 21:29:39] Operation: ZoomOut
[Debug] [2023-4-13 21:29:39] Finish.
[Debug] [2023-4-13 21:29:39] Operation: ZoomOut
[Debug] [2023-4-13 21:29:39] Finish.
[Debug] [2023-4-13 21:29:39] Operation: ZoomOut
[Debug] [2023-4-13 21:29:39] Finish.
[Debug] [2023-4-13 21:29:39] Operation: ZoomOut
[Debug] [2023-4-13 21:29:39] Operation: ZoomOut
[Debug] [2023-4-13 21:29:57] Operation: ZoomFull
[Debug] [2023-4-13 21:29:57] Finish.
[Debug] [2023-4-13 21:29:58] Operation: ZoomFull
[Debug] [2023-4-13 21:29:58] Finish.
[Debug] [2023-4-13 21:29:58] Operation: ZoomFull
[Debug] [2023-4-13 21:29:58] Finish.
[Debug] [2023-4-13 21:30:07] Operation: ZoomFull
[Debug] [2023-4-13 21:30:07] Finish.
[Debug] [2023-4-13 21:30:08] Operation: ZoomFull
[Debug] [2023-4-13 21:30:08] Finish.
[Debug] [2023-4-13 21:30:08] Operation: ZoomFull
[Debug] [2023-4-13 21:30:08] Finish.
[Debug] [2023-4-13 21:30:29] Operation: Try to close window.
[Debug] [2023-4-13 21:30:29] /*************************** 2023-04-13 21:30:29  End ***************************/
[Debug] [2023-4-14 20:25:00] /*************************** 2023-04-14 20:25:00  Start ***************************/
[Debug] [2023-4-14 20:25:00] Path: D:/pango/PDS_2022.1/bin
[Debug] [2023-4-14 20:25:00] #Generated by Fabric Debugger (version 2022.1 build 99559) at Fri Apr 14 20:25:00 2023


[Info] [2023-4-14 20:25:00] MsgOut: Fabric Debugger Started.
[Debug] [2023-4-14 20:25:00] Main window show.
[Debug] [2023-4-14 20:25:03] Operation: Scan.
[Debug] [2023-4-14 20:25:03] Client Local host name:DESKTOP-8PKN27U
[Debug] [2023-4-14 20:25:03] Client Local Address:10.37.51.147
[Debug] [2023-4-14 20:25:03] Server Address:127.0.0.1, Port:65420
[Info] [2023-4-14 20:25:03] MsgOut: Connecting to server[127.0.0.1 : 65420].
[Info] [2023-4-14 20:25:04] Connect OK, Server: 127.0.0.1  Port: 65420
[Info] [2023-4-14 20:25:04] MsgOut: Connect to server[127.0.0.1 : 65420] successfully.
[Debug] [2023-4-14 20:25:04] Finish.
[Debug] [2023-4-14 20:25:04] Log::Print : check version information
[Debug] [2023-4-14 20:25:04] Send RPC: 1.
[Debug] [2023-4-14 20:25:04] Send cmd [check version information:40005] OK
[Debug] [2023-4-14 20:25:04] Log::Print : get_cable_paras
[Debug] [2023-4-14 20:25:04] Send RPC: 2.
[Debug] [2023-4-14 20:25:04] Send cmd [get_cable_paras:40011] OK
[Debug] [2023-4-14 20:25:04] Log::Print : open_cable
[Debug] [2023-4-14 20:25:04] Send RPC: 3.
[Debug] [2023-4-14 20:25:04] Send cmd [open_cable:10001] OK
[Info] [2023-4-14 20:25:04] MsgOut: COMMAND[check version information] execute successfully, takes 0.0 secs.
[Debug] [2023-4-14 20:25:04] COMMAND[check version information] execute successfully, takes 0.0 secs.
[Info] [2023-4-14 20:25:05] MsgOut: The Cable List : 
Cable index 0:USB Cable II/fffffffffffffffe 

[Info] [2023-4-14 20:25:05] MsgOut: COMMAND[get_cable_paras] execute successfully, takes 0.8 secs.
[Debug] [2023-4-14 20:25:05] COMMAND[get_cable_paras] execute successfully, takes 0.8 secs.
[Info] [2023-4-14 20:25:06] MsgOut: PANGO USB CABLE II cable driver: D2XX DLL
[Info] [2023-4-14 20:25:07] MsgOut: COMMAND[open_cable] execute successfully, takes 3.2 secs.
[Debug] [2023-4-14 20:25:07] COMMAND[open_cable] execute successfully, takes 3.2 secs.
[Debug] [2023-4-14 20:25:11] Operation: Program.
[Debug] [2023-4-14 20:25:11] Log::Print : configure
[Debug] [2023-4-14 20:25:11] Send RPC: 4.
[Debug] [2023-4-14 20:25:11] Send cmd [configure:10002] OK
[Debug] [2023-4-14 20:25:12] The value is 6.
[Debug] [2023-4-14 20:25:12] The value is 10.
[Debug] [2023-4-14 20:25:12] The value is 15.
[Debug] [2023-4-14 20:25:12] The value is 20.
[Debug] [2023-4-14 20:25:12] The value is 25.
[Debug] [2023-4-14 20:25:12] The value is 30.
[Debug] [2023-4-14 20:25:12] The value is 35.
[Debug] [2023-4-14 20:25:12] The value is 40.
[Debug] [2023-4-14 20:25:12] The value is 45.
[Debug] [2023-4-14 20:25:12] The value is 50.
[Debug] [2023-4-14 20:25:12] The value is 55.
[Debug] [2023-4-14 20:25:12] The value is 60.
[Debug] [2023-4-14 20:25:13] The value is 65.
[Debug] [2023-4-14 20:25:13] The value is 70.
[Debug] [2023-4-14 20:25:13] The value is 75.
[Debug] [2023-4-14 20:25:13] The value is 80.
[Debug] [2023-4-14 20:25:13] The value is 85.
[Debug] [2023-4-14 20:25:13] The value is 90.
[Debug] [2023-4-14 20:25:13] The value is 95.
[Debug] [2023-4-14 20:25:13] The value is 100.
[Debug] [2023-4-14 20:25:14] [BusValue] Opt:Add.
[Debug] [2023-4-14 20:25:14] [BusValue] Opt:Add.
[Debug] [2023-4-14 20:25:14] [BusValue] Opt:Add.
[Debug] [2023-4-14 20:25:14] [BusValue] Opt:Add.
[Info] [2023-4-14 20:25:14] MsgOut: COMMAND[configure] execute successfully, takes 2.9 secs.
[Debug] [2023-4-14 20:25:14] COMMAND[configure] execute successfully, takes 2.9 secs.
[Debug] [2023-4-14 20:25:14] Log::Print : Import Core: 0 OK
[Debug] [2023-4-14 20:25:32] Operation: Trigger.
[Debug] [2023-4-14 20:25:32] Log::Print : run
[Debug] [2023-4-14 20:25:32] Send RPC: 5.
[Debug] [2023-4-14 20:25:32] Send cmd [run:10003] OK
[Info] [2023-4-14 20:25:32] MsgOut: Core 0 trigger successful at Fri Apr 14 20:25:32 2023
[Debug] [2023-4-14 20:25:33] Operation: ZoomFit
[Debug] [2023-4-14 20:25:33] Finish.
[Debug] [2023-4-14 20:25:33] [BusValue] Opt:Flush.
[Debug] [2023-4-14 20:25:33] [BusValue] Opt:Update.
[Info] [2023-4-14 20:25:33] MsgOut: COMMAND[run] execute successfully, takes 0.6 secs.
[Debug] [2023-4-14 20:25:33] COMMAND[run] execute successfully, takes 0.6 secs.
[Debug] [2023-4-14 20:25:34] Operation: Trigger.
[Debug] [2023-4-14 20:25:34] Log::Print : run
[Debug] [2023-4-14 20:25:34] Send RPC: 6.
[Debug] [2023-4-14 20:25:34] Send cmd [run:10003] OK
[Info] [2023-4-14 20:25:34] MsgOut: Core 0 trigger successful at Fri Apr 14 20:25:34 2023
[Debug] [2023-4-14 20:25:34] Operation: ZoomFit
[Debug] [2023-4-14 20:25:34] Finish.
[Debug] [2023-4-14 20:25:34] [BusValue] Opt:Flush.
[Debug] [2023-4-14 20:25:34] [BusValue] Opt:Update.
[Info] [2023-4-14 20:25:34] MsgOut: COMMAND[run] execute successfully, takes 0.5 secs.
[Debug] [2023-4-14 20:25:34] COMMAND[run] execute successfully, takes 0.5 secs.
[Debug] [2023-4-14 20:25:35] Operation: Trigger.
[Debug] [2023-4-14 20:25:35] Log::Print : run
[Debug] [2023-4-14 20:25:35] Send RPC: 7.
[Debug] [2023-4-14 20:25:35] Send cmd [run:10003] OK
[Info] [2023-4-14 20:25:36] MsgOut: Core 0 trigger successful at Fri Apr 14 20:25:36 2023
[Debug] [2023-4-14 20:25:36] Operation: ZoomFit
[Debug] [2023-4-14 20:25:36] Finish.
[Debug] [2023-4-14 20:25:36] [BusValue] Opt:Flush.
[Debug] [2023-4-14 20:25:36] [BusValue] Opt:Update.
[Info] [2023-4-14 20:25:36] MsgOut: COMMAND[run] execute successfully, takes 0.6 secs.
[Debug] [2023-4-14 20:25:36] COMMAND[run] execute successfully, takes 0.6 secs.
[Debug] [2023-4-14 20:25:46] Operation: ZoomFull
[Debug] [2023-4-14 20:25:46] Finish.
[Debug] [2023-4-14 20:26:17] Operation: Trigger.
[Debug] [2023-4-14 20:26:17] Log::Print : run
[Debug] [2023-4-14 20:26:17] Send RPC: 8.
[Debug] [2023-4-14 20:26:17] Send cmd [run:10003] OK
[Info] [2023-4-14 20:26:18] MsgOut: Core 0 trigger successful at Fri Apr 14 20:26:18 2023
[Debug] [2023-4-14 20:26:18] Operation: ZoomFit
[Debug] [2023-4-14 20:26:18] Finish.
[Debug] [2023-4-14 20:26:18] [BusValue] Opt:Flush.
[Debug] [2023-4-14 20:26:18] [BusValue] Opt:Update.
[Info] [2023-4-14 20:26:18] MsgOut: COMMAND[run] execute successfully, takes 0.5 secs.
[Debug] [2023-4-14 20:26:18] COMMAND[run] execute successfully, takes 0.5 secs.
[Debug] [2023-4-14 20:26:49] Operation: ZoomOut
[Debug] [2023-4-14 20:26:49] Finish.
[Debug] [2023-4-14 20:26:51] Operation: ZoomOut
[Debug] [2023-4-14 20:26:51] Finish.
[Debug] [2023-4-14 20:26:51] Operation: ZoomOut
[Debug] [2023-4-14 20:26:51] Finish.
[Debug] [2023-4-14 20:26:51] Operation: ZoomOut
[Debug] [2023-4-14 20:26:51] Finish.
[Debug] [2023-4-14 20:26:51] Operation: ZoomOut
[Debug] [2023-4-14 20:26:51] Finish.
[Debug] [2023-4-14 20:26:51] Operation: ZoomOut
[Debug] [2023-4-14 20:26:51] Operation: ZoomOut
[Debug] [2023-4-14 20:26:51] Operation: ZoomOut
[Debug] [2023-4-14 20:26:52] Operation: ZoomOut
[Debug] [2023-4-14 20:26:52] Operation: ZoomOut
[Debug] [2023-4-14 20:26:52] Operation: ZoomOut
[Debug] [2023-4-14 20:26:52] Operation: ZoomOut
[Debug] [2023-4-14 20:26:52] Operation: ZoomOut
[Debug] [2023-4-14 20:26:56] Operation: ZoomFull
[Debug] [2023-4-14 20:26:56] Finish.
[Debug] [2023-4-14 20:27:39] Operation: ZoomOut
[Debug] [2023-4-14 20:27:39] Finish.
[Debug] [2023-4-14 20:27:39] Operation: ZoomOut
[Debug] [2023-4-14 20:27:39] Finish.
[Debug] [2023-4-14 20:27:39] Operation: ZoomOut
[Debug] [2023-4-14 20:27:39] Finish.
[Debug] [2023-4-14 20:27:40] Operation: ZoomOut
[Debug] [2023-4-14 20:27:40] Finish.
[Debug] [2023-4-14 20:27:40] Operation: ZoomOut
[Debug] [2023-4-14 20:27:40] Finish.
[Debug] [2023-4-14 20:27:40] Operation: ZoomOut
[Debug] [2023-4-14 20:27:40] Finish.
[Debug] [2023-4-14 20:27:40] Operation: ZoomOut
[Debug] [2023-4-14 20:27:40] Finish.
[Debug] [2023-4-14 20:27:40] Operation: ZoomOut
[Debug] [2023-4-14 20:27:40] Operation: ZoomOut
[Debug] [2023-4-14 20:27:41] Operation: ZoomOut
[Debug] [2023-4-14 20:27:57] Operation: Bus radix changed.
[Debug] [2023-4-14 20:27:57] Bus radix: Unsigned Decimal.
[Debug] [2023-4-14 20:27:57] [BusValue] Opt:Update.
[Debug] [2023-4-14 20:27:57] Finish.
[Debug] [2023-4-14 20:28:01] Operation: ZoomFull
[Debug] [2023-4-14 20:28:01] Finish.
[Debug] [2023-4-14 20:28:05] Operation: ZoomFull
[Debug] [2023-4-14 20:28:05] Finish.
[Debug] [2023-4-14 20:28:06] Operation: ZoomFull
[Debug] [2023-4-14 20:28:06] Finish.
[Debug] [2023-4-14 21:05:22] Operation: Program.
[Debug] [2023-4-14 21:05:22] Log::Print : configure
[Debug] [2023-4-14 21:05:22] Send RPC: 9.
[Debug] [2023-4-14 21:05:22] Send cmd [configure:10002] OK
[Debug] [2023-4-14 21:05:22] The value is 6.
[Debug] [2023-4-14 21:05:22] The value is 10.
[Debug] [2023-4-14 21:05:22] The value is 15.
[Debug] [2023-4-14 21:05:22] The value is 20.
[Debug] [2023-4-14 21:05:22] The value is 25.
[Debug] [2023-4-14 21:05:22] The value is 30.
[Debug] [2023-4-14 21:05:22] The value is 35.
[Debug] [2023-4-14 21:05:22] The value is 40.
[Debug] [2023-4-14 21:05:23] The value is 45.
[Debug] [2023-4-14 21:05:23] The value is 50.
[Debug] [2023-4-14 21:05:23] The value is 55.
[Debug] [2023-4-14 21:05:23] The value is 60.
[Debug] [2023-4-14 21:05:23] The value is 65.
[Debug] [2023-4-14 21:05:23] The value is 70.
[Debug] [2023-4-14 21:05:23] The value is 75.
[Debug] [2023-4-14 21:05:23] The value is 80.
[Debug] [2023-4-14 21:05:23] The value is 85.
[Debug] [2023-4-14 21:05:23] The value is 90.
[Debug] [2023-4-14 21:05:23] The value is 95.
[Debug] [2023-4-14 21:05:24] The value is 100.
[Debug] [2023-4-14 21:05:24] [BusValue] Opt:Add.
[Debug] [2023-4-14 21:05:24] [BusValue] Opt:Add.
[Debug] [2023-4-14 21:05:24] [BusValue] Opt:Add.
[Debug] [2023-4-14 21:05:24] [BusValue] Opt:Add.
[Debug] [2023-4-14 21:05:24] [BusValue] Opt:Add.
[Debug] [2023-4-14 21:05:24] [BusValue] Opt:Add.
[Info] [2023-4-14 21:05:24] MsgOut: COMMAND[configure] execute successfully, takes 2.7 secs.
[Debug] [2023-4-14 21:05:24] COMMAND[configure] execute successfully, takes 2.7 secs.
[Debug] [2023-4-14 21:05:24] Log::Print : Import Core: 0 OK
[Debug] [2023-4-14 21:06:33] Operation: Trigger.
[Debug] [2023-4-14 21:06:33] Log::Print : run
[Debug] [2023-4-14 21:06:33] Send RPC: 10.
[Debug] [2023-4-14 21:06:33] Send cmd [run:10003] OK
[Info] [2023-4-14 21:06:33] MsgOut: Core 0 trigger successful at Fri Apr 14 21:06:33 2023
[Debug] [2023-4-14 21:06:34] Operation: ZoomFit
[Debug] [2023-4-14 21:06:34] Finish.
[Debug] [2023-4-14 21:06:34] [BusValue] Opt:Flush.
[Debug] [2023-4-14 21:06:34] [BusValue] Opt:Update.
[Info] [2023-4-14 21:06:34] MsgOut: COMMAND[run] execute successfully, takes 0.6 secs.
[Debug] [2023-4-14 21:06:34] COMMAND[run] execute successfully, takes 0.6 secs.
[Debug] [2023-4-14 21:06:39] Operation: Trigger.
[Debug] [2023-4-14 21:06:39] Log::Print : run
[Debug] [2023-4-14 21:06:39] Send RPC: 11.
[Debug] [2023-4-14 21:06:39] Send cmd [run:10003] OK
[Info] [2023-4-14 21:06:39] MsgOut: Core 0 trigger successful at Fri Apr 14 21:06:39 2023
[Debug] [2023-4-14 21:06:40] Operation: ZoomFit
[Debug] [2023-4-14 21:06:40] Finish.
[Debug] [2023-4-14 21:06:40] [BusValue] Opt:Flush.
[Debug] [2023-4-14 21:06:40] [BusValue] Opt:Update.
[Info] [2023-4-14 21:06:40] MsgOut: COMMAND[run] execute successfully, takes 0.5 secs.
[Debug] [2023-4-14 21:06:40] COMMAND[run] execute successfully, takes 0.5 secs.
[Debug] [2023-4-14 21:06:58] Operation: Bus radix changed.
[Debug] [2023-4-14 21:06:58] Bus radix: Unsigned Decimal.
[Debug] [2023-4-14 21:06:58] [BusValue] Opt:Update.
[Debug] [2023-4-14 21:06:58] Finish.
[Debug] [2023-4-14 21:07:42] Operation: ZoomOut
[Debug] [2023-4-14 21:07:42] Finish.
[Debug] [2023-4-14 21:07:43] Operation: ZoomOut
[Debug] [2023-4-14 21:07:43] Finish.
[Debug] [2023-4-14 21:07:43] Operation: ZoomOut
[Debug] [2023-4-14 21:07:43] Operation: ZoomOut
[Debug] [2023-4-14 21:07:43] Operation: ZoomOut
[Debug] [2023-4-14 21:07:43] Operation: ZoomOut
[Debug] [2023-4-14 21:07:44] Operation: ZoomOut
[Debug] [2023-4-14 21:07:44] Operation: ZoomOut
[Debug] [2023-4-14 21:07:44] Operation: ZoomOut
[Debug] [2023-4-14 21:08:21] Operation: Bus radix changed.
[Debug] [2023-4-14 21:08:21] Bus radix: Unsigned Decimal.
[Debug] [2023-4-14 21:08:21] [BusValue] Opt:Update.
[Debug] [2023-4-14 21:08:21] Finish.
[Debug] [2023-4-14 21:10:00] Operation: Go to X cursor.
[Debug] [2023-4-14 21:10:00] Finish.
[Debug] [2023-4-14 21:10:12] Operation: ZoomOut
[Debug] [2023-4-14 21:10:12] Finish.
[Debug] [2023-4-14 21:10:12] Operation: ZoomOut
[Debug] [2023-4-14 21:10:12] Finish.
[Debug] [2023-4-14 21:10:12] Operation: ZoomOut
[Debug] [2023-4-14 21:10:12] Finish.
[Debug] [2023-4-14 21:10:13] Operation: ZoomOut
[Debug] [2023-4-14 21:10:13] Finish.
[Debug] [2023-4-14 21:10:13] Operation: ZoomOut
[Debug] [2023-4-14 21:10:13] Operation: ZoomOut
[Debug] [2023-4-14 21:10:13] Operation: ZoomOut
[Debug] [2023-4-14 21:10:13] Operation: ZoomOut
[Debug] [2023-4-14 21:10:42] Operation: ZoomFull
[Debug] [2023-4-14 21:10:42] Finish.
[Debug] [2023-4-14 21:10:51] Operation: ZoomOut
[Debug] [2023-4-14 21:10:51] Finish.
[Debug] [2023-4-14 21:10:51] Operation: ZoomOut
[Debug] [2023-4-14 21:10:51] Finish.
[Debug] [2023-4-14 21:10:52] Operation: ZoomOut
[Debug] [2023-4-14 21:10:52] Finish.
[Debug] [2023-4-14 21:10:52] Operation: ZoomOut
[Debug] [2023-4-14 21:10:52] Finish.
[Debug] [2023-4-14 21:10:52] Operation: ZoomOut
[Debug] [2023-4-14 21:10:52] Finish.
[Debug] [2023-4-14 21:10:52] Operation: ZoomOut
[Debug] [2023-4-14 21:10:52] Finish.
[Debug] [2023-4-14 21:10:52] Operation: ZoomOut
[Debug] [2023-4-14 21:10:52] Finish.
[Debug] [2023-4-14 21:10:52] Operation: ZoomOut
[Debug] [2023-4-14 21:10:52] Finish.
[Debug] [2023-4-14 21:10:52] Operation: ZoomOut
[Debug] [2023-4-14 21:10:53] Operation: ZoomOut
[Debug] [2023-4-14 21:10:53] Operation: ZoomOut
[Debug] [2023-4-14 21:10:53] Operation: ZoomOut
[Debug] [2023-4-14 21:11:20] Operation: Save project start.
[Debug] [2023-4-14 21:11:23] Operation: Save project end.
[Debug] [2023-4-14 21:28:36] Operation: Program.
[Debug] [2023-4-14 21:28:36] Log::Print : configure
[Debug] [2023-4-14 21:28:36] Send RPC: 12.
[Debug] [2023-4-14 21:28:36] Send cmd [configure:10002] OK
[Debug] [2023-4-14 21:28:36] The value is 6.
[Debug] [2023-4-14 21:28:36] The value is 10.
[Debug] [2023-4-14 21:28:36] The value is 15.
[Debug] [2023-4-14 21:28:36] The value is 20.
[Debug] [2023-4-14 21:28:36] The value is 25.
[Debug] [2023-4-14 21:28:36] The value is 30.
[Debug] [2023-4-14 21:28:37] The value is 35.
[Debug] [2023-4-14 21:28:37] The value is 40.
[Debug] [2023-4-14 21:28:37] The value is 45.
[Debug] [2023-4-14 21:28:37] The value is 50.
[Debug] [2023-4-14 21:28:37] The value is 55.
[Debug] [2023-4-14 21:28:37] The value is 60.
[Debug] [2023-4-14 21:28:37] The value is 65.
[Debug] [2023-4-14 21:28:37] The value is 70.
[Debug] [2023-4-14 21:28:37] The value is 75.
[Debug] [2023-4-14 21:28:37] The value is 80.
[Debug] [2023-4-14 21:28:37] The value is 85.
[Debug] [2023-4-14 21:28:38] The value is 90.
[Debug] [2023-4-14 21:28:38] The value is 95.
[Debug] [2023-4-14 21:28:38] The value is 100.
[Info] [2023-4-14 21:28:38] MsgOut: COMMAND[configure] execute successfully, takes 2.5 secs.
[Debug] [2023-4-14 21:28:38] COMMAND[configure] execute successfully, takes 2.5 secs.
[Warn] [2023-4-14 21:28:38] MsgOut: Debugger-4002: Core Parse: Trigger Port bus name:cam_frame_data exist, fail to import.
[Warn] [2023-4-14 21:28:38] MsgOut: Debugger-4002: Core Parse: Trigger Port bus name:u_DDR3_interface_top/u_AXI_rw_FIFO/fifo_cam_water_level exist, fail to import.
[Warn] [2023-4-14 21:28:38] MsgOut: Debugger-4002: Core Parse: Trigger Port bus name:u_DDR3_interface_top/axi_wr_grant exist, fail to import.
[Warn] [2023-4-14 21:28:38] MsgOut: Debugger-4002: Core Parse: Trigger Port bus name:u_DDR3_interface_top/u_AXI_rw_FIFO/fifo_o_water_level exist, fail to import.
[Warn] [2023-4-14 21:28:38] MsgOut: Debugger-4002: Core Parse: Trigger Port bus name:hdmi_tx_data exist, fail to import.
[Warn] [2023-4-14 21:28:38] MsgOut: Debugger-4002: Core Parse: Trigger Port bus name:u_DDR3_interface_top/u_simplified_AXI/r_cam_wr_addr exist, fail to import.
[Warn] [2023-4-14 21:28:38] MsgOut: Debugger-4002: Core Parse: Bus name:cam_frame_data exist, fail to import.
[Warn] [2023-4-14 21:28:38] MsgOut: Debugger-4002: Core Parse: Bus name:u_DDR3_interface_top/u_AXI_rw_FIFO/fifo_cam_water_level exist, fail to import.
[Warn] [2023-4-14 21:28:38] MsgOut: Debugger-4002: Core Parse: Bus name:u_DDR3_interface_top/axi_wr_grant exist, fail to import.
[Warn] [2023-4-14 21:28:38] MsgOut: Debugger-4002: Core Parse: Bus name:u_DDR3_interface_top/u_AXI_rw_FIFO/fifo_o_water_level exist, fail to import.
[Warn] [2023-4-14 21:28:38] MsgOut: Debugger-4002: Core Parse: Bus name:hdmi_tx_data exist, fail to import.
[Warn] [2023-4-14 21:28:38] MsgOut: Debugger-4002: Core Parse: Bus name:u_DDR3_interface_top/u_simplified_AXI/r_cam_wr_addr exist, fail to import.
[Debug] [2023-4-14 21:28:38] Log::Print : Import Core: 0 OK
[Debug] [2023-4-14 21:53:17] Operation: Try to close window.
[Debug] [2023-4-14 21:53:17] /*************************** 2023-04-14 21:53:17  End ***************************/
