#Build: Fabric Inserter 2022.1, Build 99559, Jul 12 00:20 2022
#Install: D:\pango\PDS_2022.1\bin
#Application name: cdt_ins.exe
#OS: Windows 10 10.0.19045
#Hostname: DESKTOP-8PKN27U
Generated by Fabric Inserter (version 2022.1 build 99559) at Fri Apr 14 20:32:21 2023
*************************************************************************
*
*  Parsing design. Please be patient as this can take several minutes.
*
*************************************************************************
Compiling architecture definition.
Loading technology operator library.
Compiling technology operator library.
Compiling technology operator (valence) library.
Compiling file 'D:/FPGA_projects/PANGOMICRO/video_stitching/pango_project/synthesize/video_stitching_syn.adf' successful.
Creating module hierarchy.
Collecting net information.
*************************************************************************
*
*  Design Parsing Done.
*
*************************************************************************
Read project 'D:/FPGA_projects/PANGOMICRO/video_stitching/pango_project/synthesize/video_stitching_syn.fic' Successfully.
M_PROCESS_FINISH_STARTED

E: Inserter-0025: Failed to find netbus '' in schematic graph
E: Inserter-0025: Failed to find netbus 'u_DDR3_interface_top/u_simplified_AXI/r_cam_wr_addr' in schematic graph
E: Inserter-0025: Failed to find netbus '' in schematic graph
E: Inserter-0025: Failed to find netbus 'u_DDR3_interface_top/u_simplified_AXI/r_cam_wr_addr' in schematic graph
E: Inserter-0025: Failed to find netbus '' in schematic graph
E: Inserter-0025: Failed to find netbus '' in schematic graph
Successfully Write Project D:/FPGA_projects/PANGOMICRO/video_stitching/pango_project/synthesize/video_stitching_syn.fic.
