#Build: Fabric Compiler 2022.1, Build 99559, Jul 12 00:20 2022
#Install: D:\pango\PDS_2022.1\bin
#Application name: pds_shell.exe
#OS: Windows 10 10.0.19045
#Hostname: DESKTOP-8PKN27U
Generated by Fabric Compiler (version 2022.1 build 99559) at Wed Mar 29 17:36:34 2023
Compiling verification operator library.
Compiling common defs.
Compiling prim grid devices.
Compiling gate devices.
Compiling gate operators.
Building architecture model.
Loading device packaging model.
Reading design from DB.
Start Generate Netlist.
Generate Netlist is finished successfully.
Action gen_netlist: Real time elapsed is 0h:0m:11s
Action gen_netlist: CPU time elapsed is 0h:0m:8s
Action gen_netlist: Process CPU time elapsed is 0h:0m:8s
Current time: Wed Mar 29 17:36:43 2023
Action gen_netlist: Peak memory pool usage is 795 MB
