#Build: Fabric Compiler 2022.1, Build 99559, Jul 12 00:20 2022
#Install: C:\pango\PDS_2022.1\bin
#Application name: pds_shell.exe
#OS: Windows 10 10.0.22000
#Hostname: XiaoXinPro16
Generated by Fabric Compiler (version 2022.1 build 99559) at Tue Nov 14 14:59:55 2023
Compiling verification operator library.
Compiling common defs.
Loading technology operator library.
Compiling technology operator library.
Compiling technology operator (valence) library.
Compiling operator packing rules.
Compiling prim grid devices.
Compiling gate devices.
Compiling gate operators.
Compiling tech operator impls.
Building architecture model.
Loading device packaging model.
Reading design from translate DB.
C: SDC-2025: Clock source 'n:u_Camera_top/u_sccb_driver/dri_clk' need a clock constraint, please use 'create_clock' or 'create_generate_clock' to generate.
C: SDC-2025: Clock source 'n:u_Camera_2_top/u_sccb_driver/dri_clk' need a clock constraint, please use 'create_clock' or 'create_generate_clock' to generate.
C: SDC-2025: Clock source 'n:key_inst/N94' need a clock constraint, please use 'create_clock' or 'create_generate_clock' to generate.
C: SDC-2025: Clock source 'n:key_inst/N95' need a clock constraint, please use 'create_clock' or 'create_generate_clock' to generate.
C: SDC-2025: Clock source 'n:key_inst/N96' need a clock constraint, please use 'create_clock' or 'create_generate_clock' to generate.
C: SDC-2025: Clock source 'n:key_inst/N97' need a clock constraint, please use 'create_clock' or 'create_generate_clock' to generate.
Flattening design 'video_stitching'
Device mapping started.
Optimizing circuit logic.
I: Const net (pin CEM of inst vip_rgb888_ycbcr444_inst/N3) has been disconnected.
I: Const net (pin RSTM of inst vip_rgb888_ycbcr444_inst/N3) has been disconnected.
I: Const net (pin CEM of inst vip_rgb888_ycbcr444_inst/N8) has been disconnected.
I: Const net (pin RSTM of inst vip_rgb888_ycbcr444_inst/N8) has been disconnected.
I: Const net (pin CEM of inst vip_rgb888_ycbcr444_inst/N13) has been disconnected.
I: Const net (pin RSTM of inst vip_rgb888_ycbcr444_inst/N13) has been disconnected.
I: Const net (pin CEM of inst vip_rgb888_ycbcr444_inst/N18) has been disconnected.
I: Const net (pin RSTM of inst vip_rgb888_ycbcr444_inst/N18) has been disconnected.
I: Const net (pin CEM of inst vip_rgb888_ycbcr444_inst/N23) has been disconnected.
I: Const net (pin RSTM of inst vip_rgb888_ycbcr444_inst/N23) has been disconnected.
I: Const net (pin CEM of inst vip_rgb888_ycbcr444_inst/N38) has been disconnected.
I: Const net (pin RSTM of inst vip_rgb888_ycbcr444_inst/N38) has been disconnected.
I: Const net (pin CEM of inst vip_rgb888_ycbcr444_inst/N43) has been disconnected.
I: Const net (pin RSTM of inst vip_rgb888_ycbcr444_inst/N43) has been disconnected.
I: Const net (pin CEM of inst yuv_rgb_inst/N35) has been disconnected.
I: Const net (pin RSTM of inst yuv_rgb_inst/N35) has been disconnected.
Checking design netlist.
Processing tech operator.
I: The instance clkbufg_0(GTP_CLKBUFG) has been inserted on the net u_DDR3_interface_top/ddrphy_clkin in design, driver pin CLKDIVOUT(instance u_DDR3_interface_top/u_ddr3_interface/I_GTP_CLKDIV) -> load pin CLK(instance u_DDR3_interface_top/u_AXI_rw_FIFO/axi_rd_req).
I: The instance clkbufg_1(GTP_CLKBUFG) has been inserted on the net nt_hdmi_rx_pix_clk in design, driver pin O(instance hdmi_rx_pix_clk_ibuf) -> load pin CLK(instance hdmi_tx_data[0]).
C: DeviceMap-2011: The net nt_sys_clk has both clock instance u_DDR3_interface_top/u_ddr3_interface/u_clkbufg(GTP_CLKBUFG) loader and other clock pin loader.
I: The instance clkbufg_2(GTP_CLKBUFG) has been inserted on the net nt_cam_pclk in design, driver pin O(instance cam_pclk_ibuf) -> load pin CLK(instance u_Camera_top/u_cam_data_converter/byte_flag).
I: The instance clkbufg_3(GTP_CLKBUFG) has been inserted on the net nt_cam_2_pclk in design, driver pin O(instance cam_2_pclk_ibuf) -> load pin CLK(instance u_Camera_2_top/u_cam_data_converter/byte_flag).
W: DeviceMap-4006: Insert a inst clkgate_4(GTP_IOCLKBUF) before u_DDR3_interface_top/u_ddr3_interface/I_GTP_CLKDIV(GTP_IOCLKDIV).
Converting tech operator to gate operator.
Processing gate operator.
I: Infer CARRY group, base inst: key_inst/N15_1_1/gateop, insts:25.
I: Infer CARRY group, base inst: key_inst/N25_1_1/gateop, insts:19.
I: Infer CARRY group, base inst: u_HDMI_top/N23_1_1/gateop, insts:15.
I: Infer CARRY group, base inst: vip_rgb888_ycbcr444_inst/N46_1_1/gateop, insts:21.
I: Infer CARRY group, base inst: vip_rgb888_ycbcr444_inst/N50_2_1/gateop, insts:21.
I: Infer CARRY group, base inst: vip_rgb888_ycbcr444_inst/N50_3.fsub_1/gateop, insts:17.
I: Infer CARRY group, base inst: vip_rgb888_ycbcr444_inst/N50_4.fsub_1/gateop, insts:17.
I: Infer CARRY group, base inst: vip_rgb888_ycbcr444_inst/N54_2_1/gateop, insts:21.
I: Infer CARRY group, base inst: vip_rgb888_ycbcr444_inst/N54_3.fsub_1/gateop, insts:17.
I: Infer CARRY group, base inst: vip_rgb888_ycbcr444_inst/N54_4.fsub_1/gateop, insts:17.
I: Infer CARRY group, base inst: yuv_rgb_inst/N8_3_0/gateop, insts:5.
I: Infer CARRY group, base inst: yuv_rgb_inst/N20_2_0/gateop, insts:5.
I: Infer CARRY group, base inst: yuv_rgb_inst/N23_a1_1/gateop, insts:14.
I: Infer CARRY group, base inst: yuv_rgb_inst/N32_2_0/gateop, insts:5.
I: Infer CARRY group, base inst: yuv_rgb_inst/N47_a1_1/gateop, insts:14.
I: Infer CARRY group, base inst: yuv_rgb_inst/N59_a1_1/gateop, insts:14.
I: Infer CARRY group, base inst: yuv_rgb_inst/N60_1_1/gateop, insts:22.
I: Infer CARRY group, base inst: yuv_rgb_inst/N62_2_1/gateop, insts:27.
I: Infer CARRY group, base inst: yuv_rgb_inst/N62_3.fsub_1/gateop, insts:31.
I: Infer CARRY group, base inst: yuv_rgb_inst/N63_1_1/gateop, insts:22.
I: Infer CARRY group, base inst: u_Camera_2_top/u_ov5640_lut/N5_1_1/gateop, insts:14.
I: Infer CARRY group, base inst: u_Camera_2_top/u_ov5640_lut/N10_1_1/gateop, insts:7.
I: Infer CARRY group, base inst: u_Camera_2_top/u_sccb_driver/N49_1_1/gateop, insts:6.
I: Infer CARRY group, base inst: u_Camera_top/u_ov5640_lut/N5_1_1/gateop, insts:14.
I: Infer CARRY group, base inst: u_Camera_top/u_ov5640_lut/N10_1_1/gateop, insts:7.
I: Infer CARRY group, base inst: u_Camera_top/u_sccb_driver/N49_1_1/gateop, insts:6.
I: Infer CARRY group, base inst: u_DDR3_interface_top/u_AXI_rw_FIFO/N116_1_1/gateop, insts:9.
I: Infer CARRY group, base inst: u_DDR3_interface_top/u_simplified_AXI/N107_7_0/gateop, insts:19.
I: Infer CARRY group, base inst: u_DDR3_interface_top/u_simplified_AXI/N152_7_0/gateop, insts:19.
I: Infer CARRY group, base inst: u_DDR3_interface_top/u_simplified_AXI/N197_7_0/gateop, insts:19.
I: Infer CARRY group, base inst: u_DDR3_interface_top/u_simplified_AXI/N242_7_0/gateop, insts:19.
I: Infer CARRY group, base inst: u_DDR3_interface_top/u_simplified_AXI/N413_1_1/gateop, insts:17.
I: Infer CARRY group, base inst: u_HDMI_top/u_video_driver/N95_1_1/gateop, insts:11.
I: Infer CARRY group, base inst: u_HDMI_top/u_video_driver/N136_1_0/gateop, insts:12.
I: Infer CARRY group, base inst: u_HDMI_top/u_ms72xx_init/iic_dri_rx/N44.lt_0/gateop, insts:2.
I: Infer CARRY group, base inst: u_HDMI_top/u_ms72xx_init/iic_dri_rx/N105_1_1/gateop, insts:6.
I: Infer CARRY group, base inst: u_HDMI_top/u_ms72xx_init/iic_dri_rx/N138_1_1/gateop, insts:5.
I: Infer CARRY group, base inst: u_HDMI_top/u_ms72xx_init/iic_dri_tx/N44.lt_0/gateop, insts:2.
I: Infer CARRY group, base inst: u_HDMI_top/u_ms72xx_init/iic_dri_tx/N105_1_1/gateop, insts:6.
I: Infer CARRY group, base inst: u_HDMI_top/u_ms72xx_init/iic_dri_tx/N138_1_1/gateop, insts:5.
I: Infer CARRY group, base inst: u_HDMI_top/u_ms72xx_init/u_ms7200_lut/N109_1_1/gateop, insts:8.
I: Infer CARRY group, base inst: u_HDMI_top/u_ms72xx_init/u_ms7200_lut/N232_1_0/gateop, insts:9.
I: Infer CARRY group, base inst: u_HDMI_top/u_ms72xx_init/u_ms7210_lut/N102_1_1/gateop, insts:21.
I: Infer CARRY group, base inst: u_HDMI_top/u_ms72xx_init/u_ms7210_lut/N160_1_0/gateop, insts:6.
I: Infer CARRY group, base inst: u_Video_processing_top/u_bilinear_interpolation/u_bilinear_calculator/N80_2_1/gateop, insts:8.
I: Infer CARRY group, base inst: u_Video_processing_top/u_bilinear_interpolation/u_bilinear_calculator/N80_3_1/gateop, insts:7.
I: Infer CARRY group, base inst: u_Video_processing_top/u_bilinear_interpolation/u_bilinear_calculator/N80_4_1/gateop, insts:7.
I: Infer CARRY group, base inst: u_Video_processing_top/u_bilinear_interpolation/u_bilinear_calculator/N83_2_1/gateop, insts:8.
I: Infer CARRY group, base inst: u_Video_processing_top/u_bilinear_interpolation/u_bilinear_calculator/N83_3_1/gateop, insts:7.
I: Infer CARRY group, base inst: u_Video_processing_top/u_bilinear_interpolation/u_bilinear_calculator/N83_4_1/gateop, insts:7.
I: Infer CARRY group, base inst: u_Video_processing_top/u_bilinear_interpolation/u_bilinear_calculator/N86_2_1/gateop, insts:8.
I: Infer CARRY group, base inst: u_Video_processing_top/u_bilinear_interpolation/u_bilinear_calculator/N86_3_1/gateop, insts:7.
I: Infer CARRY group, base inst: u_Video_processing_top/u_bilinear_interpolation/u_bilinear_calculator/N86_4_1/gateop, insts:7.
I: Infer CARRY group, base inst: u_Video_processing_top/u_bilinear_interpolation/u_image_2x2/N12_1_1/gateop, insts:10.
I: Infer CARRY group, base inst: u_DDR3_interface_top/u_ddr3_interface/u_ddrphy_top/ddrphy_info/mc_al_6.fsub_1/gateop, insts:4.
I: Infer CARRY group, base inst: u_DDR3_interface_top/u_ddr3_interface/u_ddrphy_top/ddrphy_info/mc_rl_1/gateop, insts:5.
I: Infer CARRY group, base inst: u_DDR3_interface_top/u_ddr3_interface/u_ddrphy_top/ddrphy_info/mc_wl_0/gateop, insts:6.
I: Infer CARRY group, base inst: u_DDR3_interface_top/u_ddr3_interface/u_ddrphy_top/ddrphy_reset_ctrl/N29_1_1/gateop, insts:7.
I: Infer CARRY group, base inst: u_DDR3_interface_top/u_ddr3_interface/u_ddrphy_top/ddrphy_slice_top/N48_1_0/gateop, insts:8.
I: Infer CARRY group, base inst: u_DDR3_interface_top/u_ddr3_interface/u_ipsxb_ddrc_top/mcdq_ui_axi/N59_1_0/gateop, insts:2.
I: Infer CARRY group, base inst: u_DDR3_interface_top/u_ddr3_interface/u_ipsxb_ddrc_top/mcdq_ui_axi/N69_2_1/gateop, insts:25.
I: Infer CARRY group, base inst: u_DDR3_interface_top/u_ddr3_interface/u_ipsxb_ddrc_top/mcdq_ui_axi/N185.eq_0/gateop, insts:8.
I: Infer CARRY group, base inst: u_DDR3_interface_top/u_ddr3_interface/u_ipsxb_ddrc_top/mcdq_ui_axi/column_addr_end_1_3/gateop, insts:5.
I: Infer CARRY group, base inst: u_DDR3_interface_top/u_AXI_rw_FIFO/u_axi_fifo_o/U_ipml_fifo_axi_fifo_o/U_ipml_fifo_ctrl/N2_1/gateop, insts:10.
I: Infer CARRY group, base inst: u_DDR3_interface_top/u_AXI_rw_FIFO/u_axi_fifo_o/U_ipml_fifo_axi_fifo_o/U_ipml_fifo_ctrl/N89_1/gateop, insts:13.
I: Infer CARRY group, base inst: u_DDR3_interface_top/u_AXI_rw_FIFO/u_axi_fifo_o/U_ipml_fifo_axi_fifo_o/U_ipml_fifo_ctrl/N163.eq_0/gateop, insts:5.
I: Infer CARRY group, base inst: u_DDR3_interface_top/u_AXI_rw_FIFO/u_axi_fifo_o/U_ipml_fifo_axi_fifo_o/U_ipml_fifo_ctrl/N166.eq_0/gateop, insts:7.
I: Infer CARRY group, base inst: u_DDR3_interface_top/u_AXI_rw_FIFO/u_axi_fifo_o/U_ipml_fifo_axi_fifo_o/U_ipml_fifo_ctrl/N288_5.fsub_1/gateop, insts:10.
I: Infer CARRY group, base inst: u_DDR3_interface_top/u_AXI_rw_FIFO/u_axi_fifo_video0/U_ipml_fifo_axi_fifo_video/U_ipml_fifo_ctrl/N2_1/gateop, insts:12.
I: Infer CARRY group, base inst: u_DDR3_interface_top/u_AXI_rw_FIFO/u_axi_fifo_video0/U_ipml_fifo_axi_fifo_video/U_ipml_fifo_ctrl/N69_1/gateop, insts:9.
I: Infer CARRY group, base inst: u_DDR3_interface_top/u_AXI_rw_FIFO/u_axi_fifo_video0/U_ipml_fifo_axi_fifo_video/U_ipml_fifo_ctrl/N153.eq_0/gateop, insts:6.
I: Infer CARRY group, base inst: u_DDR3_interface_top/u_AXI_rw_FIFO/u_axi_fifo_video0/U_ipml_fifo_axi_fifo_video/U_ipml_fifo_ctrl/N156.eq_0/gateop, insts:5.
I: Infer CARRY group, base inst: u_DDR3_interface_top/u_AXI_rw_FIFO/u_axi_fifo_video0/U_ipml_fifo_axi_fifo_video/U_ipml_fifo_ctrl/N314_5.fsub_1/gateop, insts:9.
I: Infer CARRY group, base inst: u_DDR3_interface_top/u_AXI_rw_FIFO/u_axi_fifo_video1/U_ipml_fifo_axi_fifo_video/U_ipml_fifo_ctrl/N2_1/gateop, insts:12.
I: Infer CARRY group, base inst: u_DDR3_interface_top/u_AXI_rw_FIFO/u_axi_fifo_video1/U_ipml_fifo_axi_fifo_video/U_ipml_fifo_ctrl/N69_1/gateop, insts:9.
I: Infer CARRY group, base inst: u_DDR3_interface_top/u_AXI_rw_FIFO/u_axi_fifo_video1/U_ipml_fifo_axi_fifo_video/U_ipml_fifo_ctrl/N153.eq_0/gateop, insts:6.
I: Infer CARRY group, base inst: u_DDR3_interface_top/u_AXI_rw_FIFO/u_axi_fifo_video1/U_ipml_fifo_axi_fifo_video/U_ipml_fifo_ctrl/N156.eq_0/gateop, insts:5.
I: Infer CARRY group, base inst: u_DDR3_interface_top/u_AXI_rw_FIFO/u_axi_fifo_video1/U_ipml_fifo_axi_fifo_video/U_ipml_fifo_ctrl/N314_5.fsub_1/gateop, insts:9.
I: Infer CARRY group, base inst: u_DDR3_interface_top/u_AXI_rw_FIFO/u_axi_fifo_video2/U_ipml_fifo_axi_fifo_video/U_ipml_fifo_ctrl/N2_1/gateop, insts:12.
I: Infer CARRY group, base inst: u_DDR3_interface_top/u_AXI_rw_FIFO/u_axi_fifo_video2/U_ipml_fifo_axi_fifo_video/U_ipml_fifo_ctrl/N69_1/gateop, insts:9.
I: Infer CARRY group, base inst: u_DDR3_interface_top/u_AXI_rw_FIFO/u_axi_fifo_video2/U_ipml_fifo_axi_fifo_video/U_ipml_fifo_ctrl/N153.eq_0/gateop, insts:6.
I: Infer CARRY group, base inst: u_DDR3_interface_top/u_AXI_rw_FIFO/u_axi_fifo_video2/U_ipml_fifo_axi_fifo_video/U_ipml_fifo_ctrl/N156.eq_0/gateop, insts:5.
I: Infer CARRY group, base inst: u_DDR3_interface_top/u_AXI_rw_FIFO/u_axi_fifo_video2/U_ipml_fifo_axi_fifo_video/U_ipml_fifo_ctrl/N314_5.fsub_1/gateop, insts:9.
I: Infer CARRY group, base inst: u_DDR3_interface_top/u_AXI_rw_FIFO/u_axi_fifo_video3/U_ipml_fifo_axi_fifo_video/U_ipml_fifo_ctrl/N2_1/gateop, insts:12.
I: Infer CARRY group, base inst: u_DDR3_interface_top/u_AXI_rw_FIFO/u_axi_fifo_video3/U_ipml_fifo_axi_fifo_video/U_ipml_fifo_ctrl/N69_1/gateop, insts:9.
I: Infer CARRY group, base inst: u_DDR3_interface_top/u_AXI_rw_FIFO/u_axi_fifo_video3/U_ipml_fifo_axi_fifo_video/U_ipml_fifo_ctrl/N153.eq_0/gateop, insts:6.
I: Infer CARRY group, base inst: u_DDR3_interface_top/u_AXI_rw_FIFO/u_axi_fifo_video3/U_ipml_fifo_axi_fifo_video/U_ipml_fifo_ctrl/N156.eq_0/gateop, insts:5.
I: Infer CARRY group, base inst: u_DDR3_interface_top/u_AXI_rw_FIFO/u_axi_fifo_video3/U_ipml_fifo_axi_fifo_video/U_ipml_fifo_ctrl/N314_5.fsub_1/gateop, insts:9.
I: Infer CARRY group, base inst: u_DDR3_interface_top/u_ddr3_interface/u_ddrphy_top/ddrphy_calib_top/ddrphy_init/N3_1_1/gateop, insts:15.
I: Infer CARRY group, base inst: u_DDR3_interface_top/u_ddr3_interface/u_ddrphy_top/ddrphy_calib_top/ddrphy_init/N23_1_1/gateop, insts:15.
I: Infer CARRY group, base inst: u_DDR3_interface_top/u_ddr3_interface/u_ddrphy_top/ddrphy_calib_top/ddrphy_init/N41_1_1/gateop, insts:7.
I: Infer CARRY group, base inst: u_DDR3_interface_top/u_ddr3_interface/u_ddrphy_top/ddrphy_calib_top/ddrphy_init/N79_1_1/gateop, insts:9.
I: Infer CARRY group, base inst: u_DDR3_interface_top/u_ddr3_interface/u_ddrphy_top/ddrphy_calib_top/ddrphy_wrlvl/N8_1_1/gateop, insts:7.
I: Infer CARRY group, base inst: u_DDR3_interface_top/u_ddr3_interface/u_ddrphy_top/ddrphy_calib_top/rdcal/N33_1_1/gateop, insts:17.
I: Infer CARRY group, base inst: u_DDR3_interface_top/u_ddr3_interface/u_ddrphy_top/ddrphy_reset_ctrl/ddrphy_pll_lock_debounce/N11_1_1/gateop, insts:18.
I: Infer CARRY group, base inst: u_DDR3_interface_top/u_ddr3_interface/u_ipsxb_ddrc_top/mcdq_dcd_top/mcdq_dcd_bm/N37_1_1/gateop, insts:12.
I: Infer CARRY group, base inst: u_DDR3_interface_top/u_ddr3_interface/u_ipsxb_ddrc_top/mcdq_dcd_top/mcdq_dcd_sm/N162_6_0[9:0]_1/gateop, insts:7.
I: Infer CARRY group, base inst: u_DDR3_interface_top/u_ddr3_interface/u_ipsxb_ddrc_top/mcdq_dcp_top/mcdq_dcp_buf/N46_1_1/gateop, insts:6.
I: Infer CARRY group, base inst: u_DDR3_interface_top/u_ddr3_interface/u_ddrphy_top/ddrphy_slice_top/i_dqs_group[0].u_ddrphy_data_slice/data_slice_wrlvl/N102_1_0/gateop, insts:8.
I: Infer CARRY group, base inst: u_DDR3_interface_top/u_ddr3_interface/u_ddrphy_top/ddrphy_slice_top/i_dqs_group[0].u_ddrphy_data_slice/data_slice_wrlvl/N104_1_1/gateop, insts:7.
I: Infer CARRY group, base inst: u_DDR3_interface_top/u_ddr3_interface/u_ddrphy_top/ddrphy_slice_top/i_dqs_group[0].u_ddrphy_data_slice/data_slice_wrlvl/N201_1_1/gateop, insts:7.
I: Infer CARRY group, base inst: u_DDR3_interface_top/u_ddr3_interface/u_ddrphy_top/ddrphy_slice_top/i_dqs_group[0].u_ddrphy_data_slice/dqsi_rdel_cal/N28_1.fsub_1/gateop, insts:6.
I: Infer CARRY group, base inst: u_DDR3_interface_top/u_ddr3_interface/u_ddrphy_top/ddrphy_slice_top/i_dqs_group[0].u_ddrphy_data_slice/dqsi_rdel_cal/N33_1_1/gateop, insts:7.
I: Infer CARRY group, base inst: u_DDR3_interface_top/u_ddr3_interface/u_ddrphy_top/ddrphy_slice_top/i_dqs_group[0].u_ddrphy_data_slice/dqsi_rdel_cal/N43_1.fsub_1/gateop, insts:7.
I: Infer CARRY group, base inst: u_DDR3_interface_top/u_ddr3_interface/u_ddrphy_top/ddrphy_slice_top/i_dqs_group[0].u_ddrphy_data_slice/dqsi_rdel_cal/N53.eq_0/gateop, insts:4.
I: Infer CARRY group, base inst: u_DDR3_interface_top/u_ddr3_interface/u_ddrphy_top/ddrphy_slice_top/i_dqs_group[0].u_ddrphy_data_slice/dqsi_rdel_cal/N85_1/gateop, insts:8.
I: Infer CARRY group, base inst: u_DDR3_interface_top/u_ddr3_interface/u_ddrphy_top/ddrphy_slice_top/i_dqs_group[0].u_ddrphy_data_slice/dqsi_rdel_cal/N104_1_1/gateop, insts:9.
I: Infer CARRY group, base inst: u_DDR3_interface_top/u_ddr3_interface/u_ddrphy_top/ddrphy_slice_top/i_dqs_group[0].u_ddrphy_data_slice/dqsi_rdel_cal/N108.eq_0/gateop, insts:5.
I: Infer CARRY group, base inst: u_DDR3_interface_top/u_ddr3_interface/u_ddrphy_top/ddrphy_slice_top/i_dqs_group[0].u_ddrphy_data_slice/dqsi_rdel_cal/N167.eq_0/gateop, insts:5.
I: Infer CARRY group, base inst: u_DDR3_interface_top/u_ddr3_interface/u_ddrphy_top/ddrphy_slice_top/i_dqs_group[0].u_ddrphy_data_slice/dqsi_rdel_cal/N264_1_0/gateop, insts:8.
I: Infer CARRY group, base inst: u_DDR3_interface_top/u_ddr3_interface/u_ddrphy_top/ddrphy_slice_top/i_dqs_group[0].u_ddrphy_data_slice/dqsi_rdel_cal/N280_1_0/gateop, insts:8.
I: Infer CARRY group, base inst: u_DDR3_interface_top/u_ddr3_interface/u_ddrphy_top/ddrphy_slice_top/i_dqs_group[0].u_ddrphy_data_slice/dqsi_rdel_cal/N285_1_1/gateop, insts:9.
I: Infer CARRY group, base inst: u_DDR3_interface_top/u_ddr3_interface/u_ddrphy_top/ddrphy_slice_top/i_dqs_group[1].u_ddrphy_data_slice/data_slice_wrlvl/N102_1_0/gateop, insts:8.
I: Infer CARRY group, base inst: u_DDR3_interface_top/u_ddr3_interface/u_ddrphy_top/ddrphy_slice_top/i_dqs_group[1].u_ddrphy_data_slice/data_slice_wrlvl/N104_1_1/gateop, insts:7.
I: Infer CARRY group, base inst: u_DDR3_interface_top/u_ddr3_interface/u_ddrphy_top/ddrphy_slice_top/i_dqs_group[1].u_ddrphy_data_slice/data_slice_wrlvl/N201_1_1/gateop, insts:7.
I: Infer CARRY group, base inst: u_DDR3_interface_top/u_ddr3_interface/u_ddrphy_top/ddrphy_slice_top/i_dqs_group[1].u_ddrphy_data_slice/dqsi_rdel_cal/N28_1.fsub_1/gateop, insts:6.
I: Infer CARRY group, base inst: u_DDR3_interface_top/u_ddr3_interface/u_ddrphy_top/ddrphy_slice_top/i_dqs_group[1].u_ddrphy_data_slice/dqsi_rdel_cal/N33_1_1/gateop, insts:7.
I: Infer CARRY group, base inst: u_DDR3_interface_top/u_ddr3_interface/u_ddrphy_top/ddrphy_slice_top/i_dqs_group[1].u_ddrphy_data_slice/dqsi_rdel_cal/N43_1.fsub_1/gateop, insts:7.
I: Infer CARRY group, base inst: u_DDR3_interface_top/u_ddr3_interface/u_ddrphy_top/ddrphy_slice_top/i_dqs_group[1].u_ddrphy_data_slice/dqsi_rdel_cal/N53.eq_0/gateop, insts:4.
I: Infer CARRY group, base inst: u_DDR3_interface_top/u_ddr3_interface/u_ddrphy_top/ddrphy_slice_top/i_dqs_group[1].u_ddrphy_data_slice/dqsi_rdel_cal/N85_1/gateop, insts:8.
I: Infer CARRY group, base inst: u_DDR3_interface_top/u_ddr3_interface/u_ddrphy_top/ddrphy_slice_top/i_dqs_group[1].u_ddrphy_data_slice/dqsi_rdel_cal/N104_1_1/gateop, insts:9.
I: Infer CARRY group, base inst: u_DDR3_interface_top/u_ddr3_interface/u_ddrphy_top/ddrphy_slice_top/i_dqs_group[1].u_ddrphy_data_slice/dqsi_rdel_cal/N108.eq_0/gateop, insts:5.
I: Infer CARRY group, base inst: u_DDR3_interface_top/u_ddr3_interface/u_ddrphy_top/ddrphy_slice_top/i_dqs_group[1].u_ddrphy_data_slice/dqsi_rdel_cal/N167.eq_0/gateop, insts:5.
I: Infer CARRY group, base inst: u_DDR3_interface_top/u_ddr3_interface/u_ddrphy_top/ddrphy_slice_top/i_dqs_group[1].u_ddrphy_data_slice/dqsi_rdel_cal/N264_1_0/gateop, insts:8.
I: Infer CARRY group, base inst: u_DDR3_interface_top/u_ddr3_interface/u_ddrphy_top/ddrphy_slice_top/i_dqs_group[1].u_ddrphy_data_slice/dqsi_rdel_cal/N280_1_0/gateop, insts:8.
I: Infer CARRY group, base inst: u_DDR3_interface_top/u_ddr3_interface/u_ddrphy_top/ddrphy_slice_top/i_dqs_group[1].u_ddrphy_data_slice/dqsi_rdel_cal/N285_1_1/gateop, insts:9.
I: Infer CARRY group, base inst: u_DDR3_interface_top/u_ddr3_interface/u_ddrphy_top/ddrphy_slice_top/i_dqs_group[2].u_ddrphy_data_slice/data_slice_wrlvl/N102_1_0/gateop, insts:8.
I: Infer CARRY group, base inst: u_DDR3_interface_top/u_ddr3_interface/u_ddrphy_top/ddrphy_slice_top/i_dqs_group[2].u_ddrphy_data_slice/data_slice_wrlvl/N104_1_1/gateop, insts:7.
I: Infer CARRY group, base inst: u_DDR3_interface_top/u_ddr3_interface/u_ddrphy_top/ddrphy_slice_top/i_dqs_group[2].u_ddrphy_data_slice/data_slice_wrlvl/N201_1_1/gateop, insts:7.
I: Infer CARRY group, base inst: u_DDR3_interface_top/u_ddr3_interface/u_ddrphy_top/ddrphy_slice_top/i_dqs_group[2].u_ddrphy_data_slice/dqsi_rdel_cal/N85_1/gateop, insts:8.
I: Infer CARRY group, base inst: u_DDR3_interface_top/u_ddr3_interface/u_ddrphy_top/ddrphy_slice_top/i_dqs_group[2].u_ddrphy_data_slice/dqsi_rdel_cal/N104_1_1/gateop, insts:9.
I: Infer CARRY group, base inst: u_DDR3_interface_top/u_ddr3_interface/u_ddrphy_top/ddrphy_slice_top/i_dqs_group[2].u_ddrphy_data_slice/dqsi_rdel_cal/N108.eq_0/gateop, insts:5.
I: Infer CARRY group, base inst: u_DDR3_interface_top/u_ddr3_interface/u_ddrphy_top/ddrphy_slice_top/i_dqs_group[2].u_ddrphy_data_slice/dqsi_rdel_cal/N167.eq_0/gateop, insts:5.
I: Infer CARRY group, base inst: u_DDR3_interface_top/u_ddr3_interface/u_ddrphy_top/ddrphy_slice_top/i_dqs_group[2].u_ddrphy_data_slice/dqsi_rdel_cal/N264_1_0/gateop, insts:8.
I: Infer CARRY group, base inst: u_DDR3_interface_top/u_ddr3_interface/u_ddrphy_top/ddrphy_slice_top/i_dqs_group[2].u_ddrphy_data_slice/dqsi_rdel_cal/N280_1_0/gateop, insts:8.
I: Infer CARRY group, base inst: u_DDR3_interface_top/u_ddr3_interface/u_ddrphy_top/ddrphy_slice_top/i_dqs_group[2].u_ddrphy_data_slice/dqsi_rdel_cal/N285_1_1/gateop, insts:9.
I: Infer CARRY group, base inst: u_DDR3_interface_top/u_ddr3_interface/u_ddrphy_top/ddrphy_slice_top/i_dqs_group[3].u_ddrphy_data_slice/data_slice_wrlvl/N102_1_0/gateop, insts:8.
I: Infer CARRY group, base inst: u_DDR3_interface_top/u_ddr3_interface/u_ddrphy_top/ddrphy_slice_top/i_dqs_group[3].u_ddrphy_data_slice/data_slice_wrlvl/N104_1_1/gateop, insts:7.
I: Infer CARRY group, base inst: u_DDR3_interface_top/u_ddr3_interface/u_ddrphy_top/ddrphy_slice_top/i_dqs_group[3].u_ddrphy_data_slice/data_slice_wrlvl/N201_1_1/gateop, insts:7.
I: Infer CARRY group, base inst: u_DDR3_interface_top/u_ddr3_interface/u_ddrphy_top/ddrphy_slice_top/i_dqs_group[3].u_ddrphy_data_slice/dqsi_rdel_cal/N85_1/gateop, insts:8.
I: Infer CARRY group, base inst: u_DDR3_interface_top/u_ddr3_interface/u_ddrphy_top/ddrphy_slice_top/i_dqs_group[3].u_ddrphy_data_slice/dqsi_rdel_cal/N104_1_1/gateop, insts:9.
I: Infer CARRY group, base inst: u_DDR3_interface_top/u_ddr3_interface/u_ddrphy_top/ddrphy_slice_top/i_dqs_group[3].u_ddrphy_data_slice/dqsi_rdel_cal/N108.eq_0/gateop, insts:5.
I: Infer CARRY group, base inst: u_DDR3_interface_top/u_ddr3_interface/u_ddrphy_top/ddrphy_slice_top/i_dqs_group[3].u_ddrphy_data_slice/dqsi_rdel_cal/N167.eq_0/gateop, insts:5.
I: Infer CARRY group, base inst: u_DDR3_interface_top/u_ddr3_interface/u_ddrphy_top/ddrphy_slice_top/i_dqs_group[3].u_ddrphy_data_slice/dqsi_rdel_cal/N264_1_0/gateop, insts:8.
I: Infer CARRY group, base inst: u_DDR3_interface_top/u_ddr3_interface/u_ddrphy_top/ddrphy_slice_top/i_dqs_group[3].u_ddrphy_data_slice/dqsi_rdel_cal/N280_1_0/gateop, insts:8.
I: Infer CARRY group, base inst: u_DDR3_interface_top/u_ddr3_interface/u_ddrphy_top/ddrphy_slice_top/i_dqs_group[3].u_ddrphy_data_slice/dqsi_rdel_cal/N285_1_1/gateop, insts:9.
I: Infer CARRY group, base inst: u_DDR3_interface_top/u_ddr3_interface/u_ipsxb_ddrc_top/mcdq_dcp_top/mcdq_dcp_back_ctrl/timing_act_pass/N31.lt_0/gateop, insts:4.
I: Infer CARRY group, base inst: u_DDR3_interface_top/u_ddr3_interface/u_ipsxb_ddrc_top/mcdq_dcp_top/mcdq_dcp_back_ctrl/timing_ref_pass/N27.lt_1/gateop, insts:3.
I: Infer CARRY group, base inst: u_DDR3_interface_top/u_ddr3_interface/u_ddrphy_top/ddrphy_slice_top/i_dqs_group[0].u_ddrphy_data_slice/data_slice_dqs_gate_cal/gatecal/N81_1_0/gateop, insts:6.
I: Infer CARRY group, base inst: u_DDR3_interface_top/u_ddr3_interface/u_ddrphy_top/ddrphy_slice_top/i_dqs_group[0].u_ddrphy_data_slice/data_slice_dqs_gate_cal/gatecal/N389_8.fsub_1/gateop, insts:5.
I: Infer CARRY group, base inst: u_DDR3_interface_top/u_ddr3_interface/u_ddrphy_top/ddrphy_slice_top/i_dqs_group[1].u_ddrphy_data_slice/data_slice_dqs_gate_cal/gatecal/N81_1_0/gateop, insts:6.
I: Infer CARRY group, base inst: u_DDR3_interface_top/u_ddr3_interface/u_ddrphy_top/ddrphy_slice_top/i_dqs_group[1].u_ddrphy_data_slice/data_slice_dqs_gate_cal/gatecal/N389_8.fsub_1/gateop, insts:5.
I: Infer CARRY group, base inst: u_DDR3_interface_top/u_ddr3_interface/u_ddrphy_top/ddrphy_slice_top/i_dqs_group[2].u_ddrphy_data_slice/data_slice_dqs_gate_cal/gatecal/N81_1_0/gateop, insts:6.
I: Infer CARRY group, base inst: u_DDR3_interface_top/u_ddr3_interface/u_ddrphy_top/ddrphy_slice_top/i_dqs_group[2].u_ddrphy_data_slice/data_slice_dqs_gate_cal/gatecal/N389_8.fsub_1/gateop, insts:5.
I: Infer CARRY group, base inst: u_DDR3_interface_top/u_ddr3_interface/u_ddrphy_top/ddrphy_slice_top/i_dqs_group[3].u_ddrphy_data_slice/data_slice_dqs_gate_cal/gatecal/N81_1_0/gateop, insts:6.
I: Infer CARRY group, base inst: u_DDR3_interface_top/u_ddr3_interface/u_ddrphy_top/ddrphy_slice_top/i_dqs_group[3].u_ddrphy_data_slice/data_slice_dqs_gate_cal/gatecal/N389_8.fsub_1/gateop, insts:5.
I: Infer CARRY group, base inst: u_DDR3_interface_top/u_ddr3_interface/u_ipsxb_ddrc_top/mcdq_wdatapath/ipsxb_distributed_fifo/u_ipsxb_distributed_fifo_distributed_fifo_v1_0/u_ipsxb_distributed_fifo_ctr/N2_1/gateop, insts:5.
I: Infer CARRY group, base inst: u_DDR3_interface_top/u_ddr3_interface/u_ipsxb_ddrc_top/mcdq_wdatapath/ipsxb_distributed_fifo/u_ipsxb_distributed_fifo_distributed_fifo_v1_0/u_ipsxb_distributed_fifo_ctr/N9_1/gateop, insts:5.
I: Infer CARRY group, base inst: u_DDR3_interface_top/u_ddr3_interface/u_ipsxb_ddrc_top/mcdq_wdatapath/ipsxb_distributed_fifo/u_ipsxb_distributed_fifo_distributed_fifo_v1_0/u_ipsxb_distributed_fifo_ctr/N36.eq_0/gateop, insts:3.
I: Infer CARRY group, base inst: u_DDR3_interface_top/u_ddr3_interface/u_ipsxb_ddrc_top/mcdq_dcp_top/mcdq_dcp_buf/A_ipsxb_distributed_fifo/u_ipsxb_distributed_fifo_distributed_fifo_v1_0/u_ipsxb_distributed_fifo_ctr/N2_1/gateop, insts:5.
I: Infer CARRY group, base inst: u_DDR3_interface_top/u_ddr3_interface/u_ipsxb_ddrc_top/mcdq_dcp_top/mcdq_dcp_buf/A_ipsxb_distributed_fifo/u_ipsxb_distributed_fifo_distributed_fifo_v1_0/u_ipsxb_distributed_fifo_ctr/N9_1/gateop, insts:5.
I: Infer CARRY group, base inst: u_DDR3_interface_top/u_ddr3_interface/u_ipsxb_ddrc_top/mcdq_dcp_top/mcdq_dcp_buf/A_ipsxb_distributed_fifo/u_ipsxb_distributed_fifo_distributed_fifo_v1_0/u_ipsxb_distributed_fifo_ctr/N19.lt_0/gateop, insts:3.
I: Infer CARRY group, base inst: u_DDR3_interface_top/u_ddr3_interface/u_ipsxb_ddrc_top/mcdq_dcp_top/mcdq_dcp_buf/A_ipsxb_distributed_fifo/u_ipsxb_distributed_fifo_distributed_fifo_v1_0/u_ipsxb_distributed_fifo_ctr/N24_1.fsub_1/gateop, insts:6.
I: Infer CARRY group, base inst: u_DDR3_interface_top/u_ddr3_interface/u_ipsxb_ddrc_top/mcdq_dcp_top/mcdq_dcp_buf/A_ipsxb_distributed_fifo/u_ipsxb_distributed_fifo_distributed_fifo_v1_0/u_ipsxb_distributed_fifo_ctr/N30.fsub_1/gateop, insts:6.
I: Infer CARRY group, base inst: u_DDR3_interface_top/u_ddr3_interface/u_ipsxb_ddrc_top/mcdq_dcp_top/mcdq_dcp_buf/A_ipsxb_distributed_fifo/u_ipsxb_distributed_fifo_distributed_fifo_v1_0/u_ipsxb_distributed_fifo_ctr/N36.eq_0/gateop, insts:3.
I: Infer CARRY group, base inst: u_DDR3_interface_top/u_ddr3_interface/u_ipsxb_ddrc_top/mcdq_dcp_top/mcdq_dcp_buf/B_ipsxb_distributed_fifo/u_ipsxb_distributed_fifo_distributed_fifo_v1_0/u_ipsxb_distributed_fifo_ctr/N2_1/gateop, insts:5.
I: Infer CARRY group, base inst: u_DDR3_interface_top/u_ddr3_interface/u_ipsxb_ddrc_top/mcdq_dcp_top/mcdq_dcp_buf/B_ipsxb_distributed_fifo/u_ipsxb_distributed_fifo_distributed_fifo_v1_0/u_ipsxb_distributed_fifo_ctr/N9_1/gateop, insts:5.
I: Infer CARRY group, base inst: u_DDR3_interface_top/u_ddr3_interface/u_ipsxb_ddrc_top/mcdq_dcp_top/mcdq_dcp_buf/B_ipsxb_distributed_fifo/u_ipsxb_distributed_fifo_distributed_fifo_v1_0/u_ipsxb_distributed_fifo_ctr/N19.lt_0/gateop, insts:3.
I: Infer CARRY group, base inst: u_DDR3_interface_top/u_ddr3_interface/u_ipsxb_ddrc_top/mcdq_dcp_top/mcdq_dcp_buf/B_ipsxb_distributed_fifo/u_ipsxb_distributed_fifo_distributed_fifo_v1_0/u_ipsxb_distributed_fifo_ctr/N24_1.fsub_1/gateop, insts:6.
I: Infer CARRY group, base inst: u_DDR3_interface_top/u_ddr3_interface/u_ipsxb_ddrc_top/mcdq_dcp_top/mcdq_dcp_buf/B_ipsxb_distributed_fifo/u_ipsxb_distributed_fifo_distributed_fifo_v1_0/u_ipsxb_distributed_fifo_ctr/N30.fsub_1/gateop, insts:6.
I: Infer CARRY group, base inst: u_DDR3_interface_top/u_ddr3_interface/u_ipsxb_ddrc_top/mcdq_dcp_top/mcdq_dcp_buf/B_ipsxb_distributed_fifo/u_ipsxb_distributed_fifo_distributed_fifo_v1_0/u_ipsxb_distributed_fifo_ctr/N36.eq_0/gateop, insts:3.
I: Infer CARRY group, base inst: u_DDR3_interface_top/u_ddr3_interface/u_ipsxb_ddrc_top/mcdq_rdatapath/mcdq_prefetch_fifo/ipsxb_distributed_fifo/u_ipsxb_distributed_fifo_distributed_fifo_v1_0/u_ipsxb_distributed_fifo_ctr/N2_1/gateop, insts:6.
I: Infer CARRY group, base inst: u_DDR3_interface_top/u_ddr3_interface/u_ipsxb_ddrc_top/mcdq_rdatapath/mcdq_prefetch_fifo/ipsxb_distributed_fifo/u_ipsxb_distributed_fifo_distributed_fifo_v1_0/u_ipsxb_distributed_fifo_ctr/N9_1/gateop, insts:6.
I: Infer CARRY group, base inst: u_DDR3_interface_top/u_ddr3_interface/u_ipsxb_ddrc_top/mcdq_rdatapath/mcdq_prefetch_fifo/ipsxb_distributed_fifo/u_ipsxb_distributed_fifo_distributed_fifo_v1_0/u_ipsxb_distributed_fifo_ctr/N16.eq_0/gateop, insts:3.
I: Infer CARRY group, base inst: u_DDR3_interface_top/u_ddr3_interface/u_ipsxb_ddrc_top/mcdq_rdatapath/mcdq_prefetch_fifo/ipsxb_distributed_fifo/u_ipsxb_distributed_fifo_distributed_fifo_v1_0/u_ipsxb_distributed_fifo_ctr/N36.eq_0/gateop, insts:3.
Device mapping done.
Total device mapping takes 2.62 sec.

Device Utilization Summary:
+------------------------------------------------------------------------+
| Logic Utilization     | Used     | Available     | Utilization(%)     
+------------------------------------------------------------------------+
| APM                   | 8        | 84            | 10                 
| IOCKDLY               | 0        | 40            | 0                  
| FF                    | 5645     | 64200         | 9                  
| LUT                   | 6719     | 42800         | 16                 
| Distributed RAM       | 73       | 17000         | 1                  
| DLL                   | 1        | 10            | 10                 
| DQSL                  | 8        | 18            | 45                 
| DRM                   | 27.5     | 134           | 21                 
| FUSECODE              | 0        | 1             | 0                  
| IO                    | 180      | 296           | 61                 
| IOCKDIV               | 1        | 20            | 5                  
| IOCKGATE              | 4        | 20            | 20                 
| IPAL                  | 0        | 1             | 0                  
| PLL                   | 2        | 5             | 40                 
| RCKB                  | 0        | 24            | 0                  
| SCANCHAIN             | 0        | 2             | 0                  
| START                 | 0        | 1             | 0                  
| USCM                  | 6        | 30            | 20                 
| HSST                  | 0        | 1             | 0                  
| OSC                   | 0        | 1             | 0                  
| CRYSTAL               | 0        | 2             | 0                  
| RESCAL                | 0        | 4             | 0                  
| UDID                  | 0        | 1             | 0                  
| PCIE                  | 0        | 1             | 0                  
+------------------------------------------------------------------------+

Design 'video_stitching' has been successfully mapped to architecture-specific objects.
Saving design to DB.
W: Public-4010: Pcf file D:/MY_FILE/FPGA/pango_project/device_map/ov5640_hdmi_test.pcf has been covered.
Action dev_map: Real time elapsed is 0h:0m:13s
Action dev_map: CPU time elapsed is 0h:0m:10s
Action dev_map: Process CPU time elapsed is 0h:0m:10s
Current time: Tue Nov 14 15:00:06 2023
Action dev_map: Peak memory pool usage is 351 MB
