IP Generator (Version 2022.1 build 99559)
Check out license ...
Start generating at 2023-04-27 17:21
Instance: axi_fifo_video (D:\FPGA_projects\PANGOMICRO\video_stitching\pango_project\ipcore\axi_fifo_video\axi_fifo_video.idf)
IP: DRM Based FIFO (1.6)
Part: Logos-PGL50H-FBG484--6
Create directory 'rtl' ...
Copy 'rtl\ipml_fifo_ctrl_v1_3.v' to 'rtl' ...
Copy 'rtl\ipml_fifo_v1_6.v.xml' to 'rtl' ...
Copy 'rtl\ipml_prefetch_fifo_v1_6.v.xml' to 'rtl' ...
Copy 'rtl\ipml_reg_fifo_v1_0.v' to 'rtl' ...
Copy 'rtl\ipml_sdpram_v1_6.v.xml' to 'rtl' ...
Compile file 'rtl\ipml_sdpram_v1_6.v.xml' to 'rtl\ipml_sdpram_v1_6_axi_fifo_video.v' ...
Compile file 'rtl\ipml_fifo_v1_6.v.xml' to 'rtl\ipml_fifo_v1_6_axi_fifo_video.v' ...
Compile file 'rtl\ipml_prefetch_fifo_v1_6.v.xml' to 'rtl\ipml_prefetch_fifo_v1_6_axi_fifo_video.v' ...
Copy 'ipml_fifo_wrapper_v1_6.v.xml' ...
Compile file 'ipml_fifo_wrapper_v1_6.v.xml' to 'axi_fifo_video.v' ...
Found top module 'axi_fifo_video' in file 'axi_fifo_video.v'.
Copy 'ipml_prefetch_fifo_wrapper_v1_6.v.xml' ...
Compile file 'ipml_prefetch_fifo_wrapper_v1_6.v.xml' to 'axi_fifo_video_prefetch.v' ...
Copy 'ipml_fifo_wrapper_v1_3_tb.v.xml' ...
Compile file 'ipml_fifo_wrapper_v1_3_tb.v.xml' to 'axi_fifo_video_tb.v' ...
Create template file 'axi_fifo_video_tmpl.v' ...
Create template file 'axi_fifo_video_tmpl.vhdl' ...
There are 4 source files to synthesize.
Synthesis is disabled.
Done: 0 error(s), 0 warning(s)
