#Build: Fabric Compiler 2022.1, Build 99559, Jul 12 00:20 2022
#Install: C:\pango\PDS_2022.1\bin
#Application name: pds_shell.exe
#OS: Windows 10 10.0.22000
#Hostname: XiaoXinPro16
Generated by Fabric Compiler (version 2022.1 build 99559) at Tue Nov 14 15:25:43 2023
Compiling verification operator library.
Compiling common defs.
Compiling prim grid devices.
Compiling gate devices.
Compiling gate operators.
Building architecture model.
Loading device packaging model.
Reading design from DB.
Start Generating Programming File...
Reading design from DB takes 1.453125 sec.
Generating architecture configuration.
The bitstream file is "D:/MY_FILE/FPGA/pango_project/generate_bitstream/video_stitching.sbit"
Generate programming file takes 12.953125 sec.
Generating Programming File done.
Action gen_bit_stream: Real time elapsed is 0h:0m:19s
Action gen_bit_stream: CPU time elapsed is 0h:0m:17s
Action gen_bit_stream: Process CPU time elapsed is 0h:0m:17s
Current time: Tue Nov 14 15:26:00 2023
Action gen_bit_stream: Peak memory pool usage is 721 MB
