IP Generator (Version 2022.1 build 99559)
Check out license ...
Start generating at 2023-04-17 12:03
Instance: s_d_ram_2048x24 (D:\FPGA_projects\PANGOMICRO\video_stitching\pango_project\ipcore\s_d_ram_2048x24\s_d_ram_2048x24.idf)
IP: DRM Based Simple Dual Port RAM (1.6)
Part: Logos-PGL50H-FBG484--6
Create directory 'rtl' ...
Copy 'rtl\ipml_sdpram_v1_6.v.xml' to 'rtl' ...
Compile file 'rtl\ipml_sdpram_v1_6.v.xml' to 'rtl\ipml_sdpram_v1_6_s_d_ram_2048x24.v' ...
Copy 'ipml_sdpram_wrapper_v1_6.v.xml' ...
Compile file 'ipml_sdpram_wrapper_v1_6.v.xml' to 's_d_ram_2048x24.v' ...
Found top module 's_d_ram_2048x24' in file 's_d_ram_2048x24.v'.
Copy 'ipml_sdpram_wrapper_v1_3_tb.v.xml' ...
Compile file 'ipml_sdpram_wrapper_v1_3_tb.v.xml' to 's_d_ram_2048x24_tb.v' ...
Copy 'init_param_bin_exmp.dat' ...
Copy 'init_param_hex_exmp.dat' ...
Run file 'createParam.tcl' ...
Create template file 's_d_ram_2048x24_tmpl.v' ...
Create template file 's_d_ram_2048x24_tmpl.vhdl' ...
There are 2 source files to synthesize.
Synthesis is disabled.
Done: 0 error(s), 0 warning(s)
